2025-10-08 00:11:43,955 - INFO - CALL_ALLOWED - LTP_API - tsl.get_ltp_data(names=watchlist) - Queue size after add: 1, Max allowed: 1
2025-10-08 00:11:54,695 - INFO - CALL_ALLOWED - NTRADING_API - tsl.ATM_Strike_Selection(Underlying='OBEROIRLTY', Expiry=0) - Queue size after add: 1, Max allowed: 18
2025-10-08 00:11:57,360 - INFO - CALL_ALLOWED - NTRADING_API - tsl.get_lot_size(tradingsymbol='OBEROIRLTY 28 OCT 1640 CALL') - Queue size after add: 1, Max allowed: 18
2025-10-08 00:12:00,067 - INFO - CALL_ALLOWED - NTRADING_API - tsl.ATM_Strike_Selection(Underlying='TORNTPOWER', Expiry=0) - Queue size after add: 1, Max allowed: 18
2025-10-08 00:12:02,810 - INFO - CALL_ALLOWED - NTRADING_API - tsl.get_lot_size(tradingsymbol='TORNTPOWER 28 OCT 1240 CALL') - Queue size after add: 1, Max allowed: 18
2025-10-08 00:12:05,248 - INFO - CALL_ALLOWED - ORDER_API - tsl.order_placement(tradingsymbol='TORNTPOWER 28 OCT 1240 CALL', BUY MARKET) - Queue size after add: 1, Max allowed: 25
2025-10-08 00:12:07,838 - INFO - CALL_ALLOWED - NTRADING_API - tsl.get_executed_price(orderid='PAPER_1000') - Queue size after add: 1, Max allowed: 18
2025-10-08 00:12:07,838 - INFO - CALL_ALLOWED - ORDER_API - tsl.order_placement(tradingsymbol='TORNTPOWER 28 OCT 1240 CALL', SELL STOPLIMIT) - Queue size after add: 1, Max allowed: 25
2025-10-08 00:12:20,596 - INFO - CALL_ALLOWED - LTP_API - tsl.get_ltp_data(names=watchlist) - Queue size after add: 1, Max allowed: 1
2025-10-08 00:12:25,327 - INFO - CALL_ALLOWED - NTRADING_API - tsl.get_order_status(orderid='PAPER_1001') - Queue size after add: 1, Max allowed: 18
2025-10-08 00:12:29,947 - INFO - CALL_ALLOWED - LTP_API - tsl.get_ltp_data(names=['TORNTPOWER 28 OCT 1240 CALL']) - Queue size after add: 1, Max allowed: 1
2025-10-08 00:12:32,013 - INFO - CALL_ALLOWED - ORDER_API - tsl.modify_order(order_id='PAPER_1001', STOPLIMIT) - Queue size after add: 1, Max allowed: 25
2025-10-08 00:12:47,084 - INFO - CALL_ALLOWED - LTP_API - tsl.get_ltp_data(names=watchlist) - Queue size after add: 1, Max allowed: 1
2025-10-08 00:12:51,876 - INFO - CALL_ALLOWED - NTRADING_API - tsl.get_order_status(orderid='PAPER_1001') - Queue size after add: 1, Max allowed: 18
2025-10-08 00:12:56,483 - INFO - CALL_ALLOWED - LTP_API - tsl.get_ltp_data(names=['TORNTPOWER 28 OCT 1240 CALL']) - Queue size after add: 1, Max allowed: 1
2025-10-08 00:13:13,545 - INFO - CALL_ALLOWED - LTP_API - tsl.get_ltp_data(names=watchlist) - Queue size after add: 1, Max allowed: 1
2025-10-08 00:13:18,410 - INFO - CALL_ALLOWED - NTRADING_API - tsl.get_order_status(orderid='PAPER_1001') - Queue size after add: 1, Max allowed: 18
2025-10-08 00:13:23,018 - INFO - CALL_ALLOWED - LTP_API - tsl.get_ltp_data(names=['TORNTPOWER 28 OCT 1240 CALL']) - Queue size after add: 1, Max allowed: 1
2025-10-08 00:13:40,106 - INFO - CALL_ALLOWED - LTP_API - tsl.get_ltp_data(names=watchlist) - Queue size after add: 1, Max allowed: 1
2025-10-08 00:13:44,846 - INFO - CALL_ALLOWED - NTRADING_API - tsl.get_order_status(orderid='PAPER_1001') - Queue size after add: 1, Max allowed: 18
2025-10-08 00:13:49,459 - INFO - CALL_ALLOWED - LTP_API - tsl.get_ltp_data(names=['TORNTPOWER 28 OCT 1240 CALL']) - Queue size after add: 1, Max allowed: 1
2025-10-08 00:19:21,153 - INFO - CALL_ALLOWED - LTP_API - tsl.get_ltp_data(names=watchlist) - Queue size after add: 1, Max allowed: 1
2025-10-08 00:19:27,433 - INFO - CALL_ALLOWED - NTRADING_API - tsl.ATM_Strike_Selection(Underlying='OBEROIRLTY', Expiry=0) - Queue size after add: 1, Max allowed: 18
2025-10-08 00:19:30,019 - INFO - CALL_ALLOWED - NTRADING_API - tsl.get_lot_size(tradingsymbol='OBEROIRLTY 28 OCT 1640 CALL') - Queue size after add: 1, Max allowed: 18
2025-10-08 00:19:32,600 - INFO - CALL_ALLOWED - NTRADING_API - tsl.ATM_Strike_Selection(Underlying='PHOENIXLTD', Expiry=0) - Queue size after add: 1, Max allowed: 18
2025-10-08 00:19:35,156 - INFO - CALL_ALLOWED - NTRADING_API - tsl.get_lot_size(tradingsymbol='PHOENIXLTD 28 OCT 1600 CALL') - Queue size after add: 1, Max allowed: 18
2025-10-08 00:19:37,849 - INFO - CALL_ALLOWED - NTRADING_API - tsl.ATM_Strike_Selection(Underlying='TORNTPOWER', Expiry=0) - Queue size after add: 1, Max allowed: 18
2025-10-08 00:19:40,895 - INFO - CALL_ALLOWED - NTRADING_API - tsl.get_lot_size(tradingsymbol='TORNTPOWER 28 OCT 1240 CALL') - Queue size after add: 1, Max allowed: 18
2025-10-08 00:19:43,363 - INFO - CALL_ALLOWED - ORDER_API - tsl.order_placement(tradingsymbol='TORNTPOWER 28 OCT 1240 CALL', BUY MARKET) - Queue size after add: 1, Max allowed: 25
2025-10-08 00:19:45,937 - INFO - CALL_ALLOWED - NTRADING_API - tsl.get_executed_price(orderid='PAPER_1000') - Queue size after add: 1, Max allowed: 18
2025-10-08 00:19:45,938 - INFO - CALL_ALLOWED - ORDER_API - tsl.order_placement(tradingsymbol='TORNTPOWER 28 OCT 1240 CALL', SELL STOPLIMIT) - Queue size after add: 1, Max allowed: 25
2025-10-08 00:19:58,570 - INFO - CALL_ALLOWED - LTP_API - tsl.get_ltp_data(names=watchlist) - Queue size after add: 1, Max allowed: 1
2025-10-08 00:20:03,365 - INFO - CALL_ALLOWED - NTRADING_API - tsl.get_order_status(orderid='PAPER_1001') - Queue size after add: 1, Max allowed: 18
2025-10-08 00:20:08,215 - INFO - CALL_ALLOWED - LTP_API - tsl.get_ltp_data(names=['TORNTPOWER 28 OCT 1240 CALL']) - Queue size after add: 1, Max allowed: 1
2025-10-08 00:20:10,372 - INFO - CALL_ALLOWED - ORDER_API - tsl.modify_order(order_id='PAPER_1001', STOPLIMIT) - Queue size after add: 1, Max allowed: 25
2025-10-08 00:20:25,438 - INFO - CALL_ALLOWED - LTP_API - tsl.get_ltp_data(names=watchlist) - Queue size after add: 1, Max allowed: 1
2025-10-08 00:20:30,241 - INFO - CALL_ALLOWED - NTRADING_API - tsl.get_order_status(orderid='PAPER_1001') - Queue size after add: 1, Max allowed: 18
2025-10-08 00:20:34,887 - INFO - CALL_ALLOWED - LTP_API - tsl.get_ltp_data(names=['TORNTPOWER 28 OCT 1240 CALL']) - Queue size after add: 1, Max allowed: 1
2025-10-08 00:20:51,950 - INFO - CALL_ALLOWED - LTP_API - tsl.get_ltp_data(names=watchlist) - Queue size after add: 1, Max allowed: 1
2025-10-08 00:20:57,372 - INFO - CALL_ALLOWED - NTRADING_API - tsl.get_order_status(orderid='PAPER_1001') - Queue size after add: 1, Max allowed: 18
2025-10-08 00:21:01,989 - INFO - CALL_ALLOWED - LTP_API - tsl.get_ltp_data(names=['TORNTPOWER 28 OCT 1240 CALL']) - Queue size after add: 1, Max allowed: 1
2025-10-08 00:21:19,048 - INFO - CALL_ALLOWED - LTP_API - tsl.get_ltp_data(names=watchlist) - Queue size after add: 1, Max allowed: 1
2025-10-08 00:21:24,307 - INFO - CALL_ALLOWED - NTRADING_API - tsl.get_order_status(orderid='PAPER_1001') - Queue size after add: 1, Max allowed: 18
2025-10-08 00:21:29,061 - INFO - CALL_ALLOWED - LTP_API - tsl.get_ltp_data(names=['TORNTPOWER 28 OCT 1240 CALL']) - Queue size after add: 1, Max allowed: 1
2025-10-08 00:21:46,154 - INFO - CALL_ALLOWED - LTP_API - tsl.get_ltp_data(names=watchlist) - Queue size after add: 1, Max allowed: 1
2025-10-08 00:21:53,587 - INFO - CALL_ALLOWED - NTRADING_API - tsl.get_order_status(orderid='PAPER_1001') - Queue size after add: 1, Max allowed: 18
2025-10-08 00:22:02,990 - INFO - CALL_ALLOWED - LTP_API - tsl.get_ltp_data(names=['TORNTPOWER 28 OCT 1240 CALL']) - Queue size after add: 1, Max allowed: 1
2025-10-08 00:22:20,055 - INFO - CALL_ALLOWED - LTP_API - tsl.get_ltp_data(names=watchlist) - Queue size after add: 1, Max allowed: 1
2025-10-08 00:22:25,173 - INFO - CALL_ALLOWED - NTRADING_API - tsl.get_order_status(orderid='PAPER_1001') - Queue size after add: 1, Max allowed: 18
2025-10-08 00:22:29,914 - INFO - CALL_ALLOWED - LTP_API - tsl.get_ltp_data(names=['TORNTPOWER 28 OCT 1240 CALL']) - Queue size after add: 1, Max allowed: 1
2025-10-08 00:32:15,283 - INFO - CALL_ALLOWED - LTP_API - tsl.get_ltp_data(names=17 symbols) - Queue size after add: 1, Max allowed: 1
2025-10-08 00:32:21,624 - INFO - CALL_ALLOWED - NTRADING_API - tsl.ATM_Strike_Selection(Underlying='OBEROIRLTY', Expiry=0) - Queue size after add: 1, Max allowed: 18
2025-10-08 00:32:24,221 - INFO - CALL_ALLOWED - NTRADING_API - tsl.get_lot_size(tradingsymbol='OBEROIRLTY 28 OCT 1640 CALL') - Queue size after add: 1, Max allowed: 18
2025-10-08 00:32:26,769 - INFO - CALL_ALLOWED - NTRADING_API - tsl.ATM_Strike_Selection(Underlying='TORNTPOWER', Expiry=0) - Queue size after add: 1, Max allowed: 18
2025-10-08 00:32:29,318 - INFO - CALL_ALLOWED - NTRADING_API - tsl.get_lot_size(tradingsymbol='TORNTPOWER 28 OCT 1240 CALL') - Queue size after add: 1, Max allowed: 18
2025-10-08 00:32:31,731 - INFO - CALL_ALLOWED - ORDER_API - tsl.order_placement(tradingsymbol='TORNTPOWER 28 OCT 1240 CALL', BUY MARKET) - Queue size after add: 1, Max allowed: 25
2025-10-08 00:32:34,320 - INFO - CALL_ALLOWED - NTRADING_API - tsl.get_executed_price(orderid='PAPER_1000') - Queue size after add: 1, Max allowed: 18
2025-10-08 00:32:34,320 - INFO - CALL_ALLOWED - ORDER_API - tsl.order_placement(tradingsymbol='TORNTPOWER 28 OCT 1240 CALL', SELL STOPLIMIT) - Queue size after add: 1, Max allowed: 25
2025-10-08 00:52:36,490 - INFO - CALL_ALLOWED - LTP_API - tsl.get_ltp_data(names=17 symbols) - Queue size after add: 1, Max allowed: 1
2025-10-08 00:52:42,599 - INFO - CALL_ALLOWED - NTRADING_API - tsl.ATM_Strike_Selection(Underlying='PHOENIXLTD', Expiry=0) - Queue size after add: 1, Max allowed: 18
2025-10-08 00:52:45,165 - INFO - CALL_ALLOWED - NTRADING_API - tsl.get_lot_size(tradingsymbol='PHOENIXLTD 28 OCT 1600 CALL') - Queue size after add: 1, Max allowed: 18
2025-10-08 00:52:47,792 - INFO - CALL_ALLOWED - NTRADING_API - tsl.ATM_Strike_Selection(Underlying='TORNTPOWER', Expiry=0) - Queue size after add: 1, Max allowed: 18
2025-10-08 00:52:50,655 - INFO - CALL_ALLOWED - NTRADING_API - tsl.get_lot_size(tradingsymbol='TORNTPOWER 28 OCT 1240 CALL') - Queue size after add: 1, Max allowed: 18
2025-10-08 00:52:53,117 - INFO - CALL_ALLOWED - ORDER_API - tsl.order_placement(tradingsymbol='TORNTPOWER 28 OCT 1240 CALL', BUY MARKET) - Queue size after add: 1, Max allowed: 25
2025-10-08 00:52:55,682 - INFO - CALL_ALLOWED - NTRADING_API - tsl.get_executed_price(orderid='PAPER_1000') - Queue size after add: 1, Max allowed: 18
2025-10-08 00:52:55,682 - INFO - CALL_ALLOWED - ORDER_API - tsl.order_placement(tradingsymbol='TORNTPOWER 28 OCT 1240 CALL', SELL STOPLIMIT) - Queue size after add: 1, Max allowed: 25
2025-10-08 00:53:09,680 - INFO - CALL_ALLOWED - LTP_API - tsl.get_ltp_data(names=18 symbols) - Queue size after add: 1, Max allowed: 1
2025-10-08 00:53:15,061 - INFO - CALL_ALLOWED - NTRADING_API - tsl.get_order_status(orderid='PAPER_1001') - Queue size after add: 1, Max allowed: 18
2025-10-08 00:53:20,630 - INFO - CALL_ALLOWED - LTP_API - tsl.get_ltp_data(names=['TORNTPOWER 28 OCT 1240 CALL']) - Queue size after add: 1, Max allowed: 1
2025-10-08 00:53:22,710 - INFO - CALL_ALLOWED - ORDER_API - tsl.modify_order(order_id='PAPER_1001', STOPLIMIT) - Queue size after add: 1, Max allowed: 25
2025-10-08 00:53:37,793 - INFO - CALL_ALLOWED - LTP_API - tsl.get_ltp_data(names=18 symbols) - Queue size after add: 1, Max allowed: 1
2025-10-08 00:53:42,754 - INFO - CALL_ALLOWED - NTRADING_API - tsl.get_order_status(orderid='PAPER_1001') - Queue size after add: 1, Max allowed: 18
2025-10-08 00:53:47,421 - INFO - CALL_ALLOWED - LTP_API - tsl.get_ltp_data(names=['TORNTPOWER 28 OCT 1240 CALL']) - Queue size after add: 1, Max allowed: 1
2025-10-08 00:54:04,481 - INFO - CALL_ALLOWED - LTP_API - tsl.get_ltp_data(names=18 symbols) - Queue size after add: 1, Max allowed: 1
2025-10-08 00:54:09,277 - INFO - CALL_ALLOWED - NTRADING_API - tsl.get_order_status(orderid='PAPER_1001') - Queue size after add: 1, Max allowed: 18
2025-10-08 00:54:13,975 - INFO - CALL_ALLOWED - LTP_API - tsl.get_ltp_data(names=['TORNTPOWER 28 OCT 1240 CALL']) - Queue size after add: 1, Max allowed: 1
2025-10-08 00:54:31,074 - INFO - CALL_ALLOWED - LTP_API - tsl.get_ltp_data(names=18 symbols) - Queue size after add: 1, Max allowed: 1
2025-10-08 00:54:35,884 - INFO - CALL_ALLOWED - NTRADING_API - tsl.get_order_status(orderid='PAPER_1001') - Queue size after add: 1, Max allowed: 18
2025-10-08 00:54:40,530 - INFO - CALL_ALLOWED - LTP_API - tsl.get_ltp_data(names=['TORNTPOWER 28 OCT 1240 CALL']) - Queue size after add: 1, Max allowed: 1
2025-10-08 00:54:57,597 - INFO - CALL_ALLOWED - LTP_API - tsl.get_ltp_data(names=18 symbols) - Queue size after add: 1, Max allowed: 1
2025-10-08 01:15:21,653 - INFO - CALL_ALLOWED - LTP_API - tsl.get_ltp_data(names=17 symbols) - Queue size after add: 1, Max allowed: 1
2025-10-08 01:15:29,065 - INFO - CALL_ALLOWED - NTRADING_API - tsl.ATM_Strike_Selection(Underlying='PHOENIXLTD', Expiry=0) - Queue size after add: 1, Max allowed: 18
2025-10-08 01:15:32,014 - INFO - CALL_ALLOWED - NTRADING_API - tsl.get_lot_size(tradingsymbol='PHOENIXLTD 28 OCT 1600 CALL') - Queue size after add: 1, Max allowed: 18
2025-10-08 01:15:34,935 - INFO - CALL_ALLOWED - NTRADING_API - tsl.ATM_Strike_Selection(Underlying='TORNTPOWER', Expiry=0) - Queue size after add: 1, Max allowed: 18
2025-10-08 01:15:37,802 - INFO - CALL_ALLOWED - NTRADING_API - tsl.get_lot_size(tradingsymbol='TORNTPOWER 28 OCT 1240 CALL') - Queue size after add: 1, Max allowed: 18
2025-10-08 01:15:40,947 - INFO - CALL_ALLOWED - ORDER_API - tsl.order_placement(tradingsymbol='TORNTPOWER 28 OCT 1240 CALL', BUY MARKET) - Queue size after add: 1, Max allowed: 25
2025-10-08 01:15:43,564 - INFO - CALL_ALLOWED - NTRADING_API - tsl.get_executed_price(orderid='PAPER_1000') - Queue size after add: 1, Max allowed: 18
2025-10-08 01:15:43,564 - INFO - CALL_ALLOWED - ORDER_API - tsl.order_placement(tradingsymbol='TORNTPOWER 28 OCT 1240 CALL', SELL STOPLIMIT) - Queue size after add: 1, Max allowed: 25
2025-10-08 01:15:57,752 - INFO - CALL_ALLOWED - LTP_API - tsl.get_ltp_data(names=18 symbols) - Queue size after add: 1, Max allowed: 1
2025-10-08 01:16:02,807 - INFO - CALL_ALLOWED - NTRADING_API - tsl.get_order_status(orderid='PAPER_1001') - Queue size after add: 1, Max allowed: 18
2025-10-08 01:16:05,208 - INFO - CALL_ALLOWED - LTP_API - tsl.get_ltp_data(names=['TORNTPOWER 28 OCT 1240 CALL']) - Queue size after add: 1, Max allowed: 1
2025-10-08 01:16:07,260 - INFO - CALL_ALLOWED - ORDER_API - tsl.modify_order(order_id='PAPER_1001', STOPLIMIT) - Queue size after add: 1, Max allowed: 25
2025-10-08 01:16:22,323 - INFO - CALL_ALLOWED - LTP_API - tsl.get_ltp_data(names=18 symbols) - Queue size after add: 1, Max allowed: 1
2025-10-08 01:16:27,606 - INFO - CALL_ALLOWED - NTRADING_API - tsl.get_order_status(orderid='PAPER_1001') - Queue size after add: 1, Max allowed: 18
2025-10-08 01:16:32,372 - INFO - CALL_ALLOWED - LTP_API - tsl.get_ltp_data(names=['TORNTPOWER 28 OCT 1240 CALL']) - Queue size after add: 1, Max allowed: 1
2025-10-08 01:16:49,451 - INFO - CALL_ALLOWED - LTP_API - tsl.get_ltp_data(names=18 symbols) - Queue size after add: 1, Max allowed: 1
2025-10-08 09:23:02,228 - INFO - CALL_ALLOWED - LTP_API - tsl.get_ltp_data(names=19 symbols) - Queue size after add: 1, Max allowed: 1
2025-10-08 09:23:10,108 - INFO - CALL_ALLOWED - NTRADING_API - tsl.ATM_Strike_Selection(Underlying='INFY', Expiry=0) - Queue size after add: 1, Max allowed: 18
2025-10-08 09:23:12,728 - INFO - CALL_ALLOWED - NTRADING_API - tsl.get_lot_size(tradingsymbol='INFY 28 OCT 1480 CALL') - Queue size after add: 1, Max allowed: 18
2025-10-08 09:23:15,121 - INFO - CALL_ALLOWED - ORDER_API - tsl.order_placement(tradingsymbol='INFY 28 OCT 1480 CALL', BUY MARKET) - Queue size after add: 1, Max allowed: 25
2025-10-08 09:23:17,747 - INFO - CALL_ALLOWED - NTRADING_API - tsl.get_executed_price(orderid='PAPER_1000') - Queue size after add: 1, Max allowed: 18
2025-10-08 09:23:17,747 - INFO - CALL_ALLOWED - ORDER_API - tsl.order_placement(tradingsymbol='INFY 28 OCT 1480 CALL', SELL STOPLIMIT) - Queue size after add: 1, Max allowed: 25
2025-10-08 09:23:21,520 - INFO - CALL_ALLOWED - LTP_API - tsl.get_ltp_data(names=20 symbols) - Queue size after add: 1, Max allowed: 1
2025-10-08 09:23:26,383 - INFO - CALL_ALLOWED - NTRADING_API - tsl.get_order_status(orderid='PAPER_1001') - Queue size after add: 1, Max allowed: 18
2025-10-08 09:23:28,648 - INFO - CALL_ALLOWED - ORDER_API - tsl.cancel_order(OrderID='PAPER_1001') - Queue size after add: 1, Max allowed: 25
2025-10-08 09:23:29,649 - INFO - CALL_ALLOWED - ORDER_API - tsl.order_placement(tradingsymbol='INFY 28 OCT 1480 CALL', SELL MARKET) - Queue size after add: 1, Max allowed: 25
2025-10-08 09:23:32,456 - INFO - CALL_ALLOWED - NTRADING_API - tsl.get_executed_price(orderid='PAPER_1002') - Queue size after add: 1, Max allowed: 18
2025-10-08 09:23:42,035 - INFO - CALL_ALLOWED - LTP_API - tsl.get_ltp_data(names=20 symbols) - Queue size after add: 1, Max allowed: 1
2025-10-08 09:23:47,009 - INFO - CALL_ALLOWED - NTRADING_API - tsl.get_order_status(orderid='PAPER_1001') - Queue size after add: 1, Max allowed: 18
2025-10-08 09:23:49,486 - INFO - CALL_ALLOWED - ORDER_API - tsl.cancel_order(OrderID='PAPER_1001') - Queue size after add: 1, Max allowed: 25
2025-10-08 09:23:50,488 - INFO - CALL_ALLOWED - ORDER_API - tsl.order_placement(tradingsymbol='INFY 28 OCT 1480 CALL', SELL MARKET) - Queue size after add: 1, Max allowed: 25
2025-10-08 09:23:53,082 - INFO - CALL_ALLOWED - NTRADING_API - tsl.get_executed_price(orderid='PAPER_1003') - Queue size after add: 1, Max allowed: 18
2025-10-08 09:24:00,224 - INFO - CALL_ALLOWED - LTP_API - tsl.get_ltp_data(names=20 symbols) - Queue size after add: 1, Max allowed: 1
2025-10-08 09:24:05,508 - INFO - CALL_ALLOWED - NTRADING_API - tsl.get_order_status(orderid='PAPER_1001') - Queue size after add: 1, Max allowed: 18
2025-10-08 09:24:07,977 - INFO - CALL_ALLOWED - LTP_API - tsl.get_ltp_data(names=['INFY 28 OCT 1480 CALL']) - Queue size after add: 1, Max allowed: 1
2025-10-08 09:24:10,157 - INFO - CALL_ALLOWED - ORDER_API - tsl.modify_order(order_id='PAPER_1001', STOPLIMIT) - Queue size after add: 1, Max allowed: 25
2025-10-08 09:24:15,288 - INFO - CALL_ALLOWED - LTP_API - tsl.get_ltp_data(names=20 symbols) - Queue size after add: 1, Max allowed: 1
2025-10-08 09:24:20,426 - INFO - CALL_ALLOWED - NTRADING_API - tsl.get_order_status(orderid='PAPER_1001') - Queue size after add: 1, Max allowed: 18
2025-10-08 09:24:22,926 - INFO - CALL_ALLOWED - LTP_API - tsl.get_ltp_data(names=['INFY 28 OCT 1480 CALL']) - Queue size after add: 1, Max allowed: 1
2025-10-08 09:24:25,000 - INFO - CALL_ALLOWED - ORDER_API - tsl.modify_order(order_id='PAPER_1001', STOPLIMIT) - Queue size after add: 1, Max allowed: 25
2025-10-08 09:24:30,076 - INFO - CALL_ALLOWED - LTP_API - tsl.get_ltp_data(names=20 symbols) - Queue size after add: 1, Max allowed: 1
2025-10-08 09:24:35,249 - INFO - CALL_ALLOWED - NTRADING_API - tsl.get_order_status(orderid='PAPER_1001') - Queue size after add: 1, Max allowed: 18
2025-10-08 09:24:37,702 - INFO - CALL_ALLOWED - LTP_API - tsl.get_ltp_data(names=['INFY 28 OCT 1480 CALL']) - Queue size after add: 1, Max allowed: 1
2025-10-08 09:24:39,999 - INFO - CALL_ALLOWED - ORDER_API - tsl.modify_order(order_id='PAPER_1001', STOPLIMIT) - Queue size after add: 1, Max allowed: 25
2025-10-08 09:24:45,114 - INFO - CALL_ALLOWED - LTP_API - tsl.get_ltp_data(names=20 symbols) - Queue size after add: 1, Max allowed: 1
2025-10-08 09:24:50,348 - INFO - CALL_ALLOWED - NTRADING_API - tsl.get_order_status(orderid='PAPER_1001') - Queue size after add: 1, Max allowed: 18
2025-10-08 09:24:52,681 - INFO - CALL_ALLOWED - LTP_API - tsl.get_ltp_data(names=['INFY 28 OCT 1480 CALL']) - Queue size after add: 1, Max allowed: 1
2025-10-08 09:24:59,868 - INFO - CALL_ALLOWED - LTP_API - tsl.get_ltp_data(names=20 symbols) - Queue size after add: 1, Max allowed: 1
2025-10-08 09:25:05,450 - INFO - CALL_ALLOWED - NTRADING_API - tsl.get_order_status(orderid='PAPER_1001') - Queue size after add: 1, Max allowed: 18
2025-10-08 09:25:08,116 - INFO - CALL_ALLOWED - LTP_API - tsl.get_ltp_data(names=['INFY 28 OCT 1480 CALL']) - Queue size after add: 1, Max allowed: 1
2025-10-08 09:25:15,221 - INFO - CALL_ALLOWED - LTP_API - tsl.get_ltp_data(names=20 symbols) - Queue size after add: 1, Max allowed: 1
2025-10-08 09:25:20,005 - INFO - CALL_ALLOWED - NTRADING_API - tsl.get_order_status(orderid='PAPER_1001') - Queue size after add: 1, Max allowed: 18
2025-10-08 09:25:22,333 - INFO - CALL_ALLOWED - LTP_API - tsl.get_ltp_data(names=['INFY 28 OCT 1480 CALL']) - Queue size after add: 1, Max allowed: 1
2025-10-08 09:25:29,402 - INFO - CALL_ALLOWED - LTP_API - tsl.get_ltp_data(names=20 symbols) - Queue size after add: 1, Max allowed: 1
2025-10-08 09:25:34,141 - INFO - CALL_ALLOWED - NTRADING_API - tsl.get_order_status(orderid='PAPER_1001') - Queue size after add: 1, Max allowed: 18
2025-10-08 09:25:36,448 - INFO - CALL_ALLOWED - LTP_API - tsl.get_ltp_data(names=['INFY 28 OCT 1480 CALL']) - Queue size after add: 1, Max allowed: 1
2025-10-08 09:25:43,515 - INFO - CALL_ALLOWED - LTP_API - tsl.get_ltp_data(names=20 symbols) - Queue size after add: 1, Max allowed: 1
2025-10-08 09:25:48,622 - INFO - CALL_ALLOWED - NTRADING_API - tsl.get_order_status(orderid='PAPER_1001') - Queue size after add: 1, Max allowed: 18
2025-10-08 09:25:51,148 - INFO - CALL_ALLOWED - LTP_API - tsl.get_ltp_data(names=['INFY 28 OCT 1480 CALL']) - Queue size after add: 1, Max allowed: 1
2025-10-08 09:25:58,241 - INFO - CALL_ALLOWED - LTP_API - tsl.get_ltp_data(names=20 symbols) - Queue size after add: 1, Max allowed: 1
2025-10-08 09:26:03,556 - INFO - CALL_ALLOWED - NTRADING_API - tsl.get_order_status(orderid='PAPER_1001') - Queue size after add: 1, Max allowed: 18
2025-10-08 09:26:06,067 - INFO - CALL_ALLOWED - LTP_API - tsl.get_ltp_data(names=['INFY 28 OCT 1480 CALL']) - Queue size after add: 1, Max allowed: 1
2025-10-08 09:26:13,223 - INFO - CALL_ALLOWED - LTP_API - tsl.get_ltp_data(names=20 symbols) - Queue size after add: 1, Max allowed: 1
2025-10-08 09:26:17,963 - INFO - CALL_ALLOWED - NTRADING_API - tsl.get_order_status(orderid='PAPER_1001') - Queue size after add: 1, Max allowed: 18
2025-10-08 09:26:20,265 - INFO - CALL_ALLOWED - LTP_API - tsl.get_ltp_data(names=['INFY 28 OCT 1480 CALL']) - Queue size after add: 1, Max allowed: 1
2025-10-08 10:20:20,277 - INFO - CALL_ALLOWED - LTP_API - tsl.get_ltp_data(names=18 symbols) - Queue size after add: 1, Max allowed: 1
2025-10-08 10:21:13,030 - INFO - CALL_ALLOWED - LTP_API - tsl.get_ltp_data(names=18 symbols) - Queue size after add: 1, Max allowed: 1
2025-10-08 10:22:06,003 - INFO - CALL_ALLOWED - LTP_API - tsl.get_ltp_data(names=18 symbols) - Queue size after add: 1, Max allowed: 1
2025-10-08 10:24:58,143 - INFO - CALL_ALLOWED - LTP_API - tsl.get_ltp_data(names=19 symbols) - Queue size after add: 1, Max allowed: 1
2025-10-08 10:25:06,340 - INFO - CALL_ALLOWED - NTRADING_API - tsl.ATM_Strike_Selection(Underlying='LTIM', Expiry=0) - Queue size after add: 1, Max allowed: 18
2025-10-08 10:25:09,051 - INFO - CALL_ALLOWED - NTRADING_API - tsl.get_lot_size(tradingsymbol='LTIM 28 OCT 5350 PUT') - Queue size after add: 1, Max allowed: 18
2025-10-08 10:25:16,059 - INFO - CALL_ALLOWED - NTRADING_API - tsl.ATM_Strike_Selection(Underlying='DIVISLAB', Expiry=0) - Queue size after add: 1, Max allowed: 18
2025-10-08 10:25:18,763 - INFO - CALL_ALLOWED - NTRADING_API - tsl.get_lot_size(tradingsymbol='DIVISLAB 28 OCT 6200 CALL') - Queue size after add: 1, Max allowed: 18
2025-10-08 10:25:21,308 - INFO - CALL_ALLOWED - ORDER_API - tsl.order_placement(tradingsymbol='DIVISLAB 28 OCT 6200 CALL', BUY MARKET) - Queue size after add: 1, Max allowed: 25
2025-10-08 10:25:23,894 - INFO - CALL_ALLOWED - NTRADING_API - tsl.get_executed_price(orderid='PAPER_1000') - Queue size after add: 1, Max allowed: 18
2025-10-08 10:25:23,894 - INFO - CALL_ALLOWED - ORDER_API - tsl.order_placement(tradingsymbol='DIVISLAB 28 OCT 6200 CALL', SELL STOPLIMIT) - Queue size after add: 1, Max allowed: 25
2025-10-08 10:25:30,419 - INFO - CALL_ALLOWED - LTP_API - tsl.get_ltp_data(names=20 symbols) - Queue size after add: 1, Max allowed: 1
2025-10-08 10:25:35,463 - INFO - CALL_ALLOWED - NTRADING_API - tsl.get_order_status(orderid='PAPER_1001') - Queue size after add: 1, Max allowed: 18
2025-10-08 10:25:37,957 - INFO - CALL_ALLOWED - LTP_API - tsl.get_ltp_data(names=['DIVISLAB 28 OCT 6200 CALL']) - Queue size after add: 1, Max allowed: 1
2025-10-08 10:25:40,028 - INFO - CALL_ALLOWED - ORDER_API - tsl.modify_order(order_id='PAPER_1001', STOPLIMIT) - Queue size after add: 1, Max allowed: 25
2025-10-08 10:25:45,084 - INFO - CALL_ALLOWED - LTP_API - tsl.get_ltp_data(names=20 symbols) - Queue size after add: 1, Max allowed: 1
2025-10-08 10:25:50,046 - INFO - CALL_ALLOWED - NTRADING_API - tsl.get_order_status(orderid='PAPER_1001') - Queue size after add: 1, Max allowed: 18
2025-10-08 10:25:52,729 - INFO - CALL_ALLOWED - LTP_API - tsl.get_ltp_data(names=['DIVISLAB 28 OCT 6200 CALL']) - Queue size after add: 1, Max allowed: 1
2025-10-08 10:25:54,817 - INFO - CALL_ALLOWED - ORDER_API - tsl.modify_order(order_id='PAPER_1001', STOPLIMIT) - Queue size after add: 1, Max allowed: 25
2025-10-08 10:25:59,905 - INFO - CALL_ALLOWED - LTP_API - tsl.get_ltp_data(names=20 symbols) - Queue size after add: 1, Max allowed: 1
2025-10-08 10:26:04,970 - INFO - CALL_ALLOWED - NTRADING_API - tsl.get_order_status(orderid='PAPER_1001') - Queue size after add: 1, Max allowed: 18
2025-10-08 10:26:07,445 - INFO - CALL_ALLOWED - LTP_API - tsl.get_ltp_data(names=['DIVISLAB 28 OCT 6200 CALL']) - Queue size after add: 1, Max allowed: 1
2025-10-08 10:26:09,513 - INFO - CALL_ALLOWED - ORDER_API - tsl.modify_order(order_id='PAPER_1001', STOPLIMIT) - Queue size after add: 1, Max allowed: 25
2025-10-08 10:26:14,568 - INFO - CALL_ALLOWED - LTP_API - tsl.get_ltp_data(names=20 symbols) - Queue size after add: 1, Max allowed: 1
2025-10-08 10:26:19,398 - INFO - CALL_ALLOWED - NTRADING_API - tsl.get_order_status(orderid='PAPER_1001') - Queue size after add: 1, Max allowed: 18
2025-10-08 10:26:21,806 - INFO - CALL_ALLOWED - LTP_API - tsl.get_ltp_data(names=['DIVISLAB 28 OCT 6200 CALL']) - Queue size after add: 1, Max allowed: 1
2025-10-08 10:26:23,866 - INFO - CALL_ALLOWED - ORDER_API - tsl.modify_order(order_id='PAPER_1001', STOPLIMIT) - Queue size after add: 1, Max allowed: 25
2025-10-08 10:26:28,935 - INFO - CALL_ALLOWED - LTP_API - tsl.get_ltp_data(names=20 symbols) - Queue size after add: 1, Max allowed: 1
2025-10-08 10:26:33,816 - INFO - CALL_ALLOWED - NTRADING_API - tsl.get_order_status(orderid='PAPER_1001') - Queue size after add: 1, Max allowed: 18
2025-10-08 10:26:36,220 - INFO - CALL_ALLOWED - LTP_API - tsl.get_ltp_data(names=['DIVISLAB 28 OCT 6200 CALL']) - Queue size after add: 1, Max allowed: 1
2025-10-08 10:26:43,278 - INFO - CALL_ALLOWED - LTP_API - tsl.get_ltp_data(names=20 symbols) - Queue size after add: 1, Max allowed: 1
2025-10-08 10:26:48,306 - INFO - CALL_ALLOWED - NTRADING_API - tsl.get_order_status(orderid='PAPER_1001') - Queue size after add: 1, Max allowed: 18
2025-10-08 10:26:50,721 - INFO - CALL_ALLOWED - LTP_API - tsl.get_ltp_data(names=['DIVISLAB 28 OCT 6200 CALL']) - Queue size after add: 1, Max allowed: 1
2025-10-08 10:26:57,794 - INFO - CALL_ALLOWED - LTP_API - tsl.get_ltp_data(names=20 symbols) - Queue size after add: 1, Max allowed: 1
2025-10-08 10:27:02,758 - INFO - CALL_ALLOWED - NTRADING_API - tsl.get_order_status(orderid='PAPER_1001') - Queue size after add: 1, Max allowed: 18
2025-10-08 10:27:05,165 - INFO - CALL_ALLOWED - LTP_API - tsl.get_ltp_data(names=['DIVISLAB 28 OCT 6200 CALL']) - Queue size after add: 1, Max allowed: 1
2025-10-08 10:27:12,225 - INFO - CALL_ALLOWED - LTP_API - tsl.get_ltp_data(names=20 symbols) - Queue size after add: 1, Max allowed: 1
2025-10-08 10:27:17,066 - INFO - CALL_ALLOWED - NTRADING_API - tsl.get_order_status(orderid='PAPER_1001') - Queue size after add: 1, Max allowed: 18
2025-10-08 10:27:19,475 - INFO - CALL_ALLOWED - LTP_API - tsl.get_ltp_data(names=['DIVISLAB 28 OCT 6200 CALL']) - Queue size after add: 1, Max allowed: 1
2025-10-08 10:27:26,531 - INFO - CALL_ALLOWED - LTP_API - tsl.get_ltp_data(names=20 symbols) - Queue size after add: 1, Max allowed: 1
2025-10-08 10:27:31,336 - INFO - CALL_ALLOWED - NTRADING_API - tsl.get_order_status(orderid='PAPER_1001') - Queue size after add: 1, Max allowed: 18
2025-10-08 10:27:33,744 - INFO - CALL_ALLOWED - LTP_API - tsl.get_ltp_data(names=['DIVISLAB 28 OCT 6200 CALL']) - Queue size after add: 1, Max allowed: 1
2025-10-08 10:27:40,806 - INFO - CALL_ALLOWED - LTP_API - tsl.get_ltp_data(names=20 symbols) - Queue size after add: 1, Max allowed: 1
2025-10-08 10:27:45,681 - INFO - CALL_ALLOWED - NTRADING_API - tsl.get_order_status(orderid='PAPER_1001') - Queue size after add: 1, Max allowed: 18
2025-10-08 10:27:48,081 - INFO - CALL_ALLOWED - LTP_API - tsl.get_ltp_data(names=['DIVISLAB 28 OCT 6200 CALL']) - Queue size after add: 1, Max allowed: 1
2025-10-08 10:27:55,146 - INFO - CALL_ALLOWED - LTP_API - tsl.get_ltp_data(names=20 symbols) - Queue size after add: 1, Max allowed: 1
2025-10-08 10:28:00,952 - INFO - CALL_ALLOWED - NTRADING_API - tsl.get_order_status(orderid='PAPER_1001') - Queue size after add: 1, Max allowed: 18
2025-10-08 10:28:03,424 - INFO - CALL_ALLOWED - LTP_API - tsl.get_ltp_data(names=['DIVISLAB 28 OCT 6200 CALL']) - Queue size after add: 1, Max allowed: 1
2025-10-08 10:28:05,495 - INFO - CALL_ALLOWED - ORDER_API - tsl.modify_order(order_id='PAPER_1001', STOPLIMIT) - Queue size after add: 1, Max allowed: 25
2025-10-08 10:28:10,628 - INFO - CALL_ALLOWED - LTP_API - tsl.get_ltp_data(names=20 symbols) - Queue size after add: 1, Max allowed: 1
2025-10-08 10:28:15,490 - INFO - CALL_ALLOWED - NTRADING_API - tsl.get_order_status(orderid='PAPER_1001') - Queue size after add: 1, Max allowed: 18
2025-10-08 10:28:17,982 - INFO - CALL_ALLOWED - LTP_API - tsl.get_ltp_data(names=['DIVISLAB 28 OCT 6200 CALL']) - Queue size after add: 1, Max allowed: 1
2025-10-08 10:28:20,058 - INFO - CALL_ALLOWED - ORDER_API - tsl.modify_order(order_id='PAPER_1001', STOPLIMIT) - Queue size after add: 1, Max allowed: 25
2025-10-08 10:28:25,126 - INFO - CALL_ALLOWED - LTP_API - tsl.get_ltp_data(names=20 symbols) - Queue size after add: 1, Max allowed: 1
2025-10-08 10:28:30,250 - INFO - CALL_ALLOWED - NTRADING_API - tsl.get_order_status(orderid='PAPER_1001') - Queue size after add: 1, Max allowed: 18
2025-10-08 10:28:32,901 - INFO - CALL_ALLOWED - LTP_API - tsl.get_ltp_data(names=['DIVISLAB 28 OCT 6200 CALL']) - Queue size after add: 1, Max allowed: 1
2025-10-08 10:28:34,963 - INFO - CALL_ALLOWED - ORDER_API - tsl.modify_order(order_id='PAPER_1001', STOPLIMIT) - Queue size after add: 1, Max allowed: 25
2025-10-08 10:28:40,036 - INFO - CALL_ALLOWED - LTP_API - tsl.get_ltp_data(names=20 symbols) - Queue size after add: 1, Max allowed: 1
2025-10-08 10:28:45,063 - INFO - CALL_ALLOWED - NTRADING_API - tsl.get_order_status(orderid='PAPER_1001') - Queue size after add: 1, Max allowed: 18
2025-10-08 10:28:47,694 - INFO - CALL_ALLOWED - LTP_API - tsl.get_ltp_data(names=['DIVISLAB 28 OCT 6200 CALL']) - Queue size after add: 1, Max allowed: 1
2025-10-08 10:28:54,781 - INFO - CALL_ALLOWED - LTP_API - tsl.get_ltp_data(names=20 symbols) - Queue size after add: 1, Max allowed: 1
2025-10-08 10:29:00,403 - INFO - CALL_ALLOWED - NTRADING_API - tsl.get_order_status(orderid='PAPER_1001') - Queue size after add: 1, Max allowed: 18
2025-10-08 10:29:03,101 - INFO - CALL_ALLOWED - LTP_API - tsl.get_ltp_data(names=['DIVISLAB 28 OCT 6200 CALL']) - Queue size after add: 1, Max allowed: 1
2025-10-08 10:29:10,234 - INFO - CALL_ALLOWED - LTP_API - tsl.get_ltp_data(names=20 symbols) - Queue size after add: 1, Max allowed: 1
2025-10-08 10:29:15,111 - INFO - CALL_ALLOWED - NTRADING_API - tsl.get_order_status(orderid='PAPER_1001') - Queue size after add: 1, Max allowed: 18
2025-10-08 10:29:17,967 - INFO - CALL_ALLOWED - LTP_API - tsl.get_ltp_data(names=['DIVISLAB 28 OCT 6200 CALL']) - Queue size after add: 1, Max allowed: 1
2025-10-08 10:29:20,035 - INFO - CALL_ALLOWED - ORDER_API - tsl.modify_order(order_id='PAPER_1001', STOPLIMIT) - Queue size after add: 1, Max allowed: 25
2025-10-08 10:29:25,103 - INFO - CALL_ALLOWED - LTP_API - tsl.get_ltp_data(names=20 symbols) - Queue size after add: 1, Max allowed: 1
2025-10-08 10:29:30,314 - INFO - CALL_ALLOWED - NTRADING_API - tsl.get_order_status(orderid='PAPER_1001') - Queue size after add: 1, Max allowed: 18
2025-10-08 10:29:32,809 - INFO - CALL_ALLOWED - LTP_API - tsl.get_ltp_data(names=['DIVISLAB 28 OCT 6200 CALL']) - Queue size after add: 1, Max allowed: 1
2025-10-08 10:29:34,870 - INFO - CALL_ALLOWED - ORDER_API - tsl.modify_order(order_id='PAPER_1001', STOPLIMIT) - Queue size after add: 1, Max allowed: 25
2025-10-08 10:29:39,945 - INFO - CALL_ALLOWED - LTP_API - tsl.get_ltp_data(names=20 symbols) - Queue size after add: 1, Max allowed: 1
2025-10-08 10:29:44,896 - INFO - CALL_ALLOWED - NTRADING_API - tsl.get_order_status(orderid='PAPER_1001') - Queue size after add: 1, Max allowed: 18
2025-10-08 10:29:47,366 - INFO - CALL_ALLOWED - LTP_API - tsl.get_ltp_data(names=['DIVISLAB 28 OCT 6200 CALL']) - Queue size after add: 1, Max allowed: 1
2025-10-08 10:29:54,422 - INFO - CALL_ALLOWED - LTP_API - tsl.get_ltp_data(names=20 symbols) - Queue size after add: 1, Max allowed: 1
2025-10-08 10:29:59,352 - INFO - CALL_ALLOWED - NTRADING_API - tsl.get_order_status(orderid='PAPER_1001') - Queue size after add: 1, Max allowed: 18
2025-10-08 10:30:01,803 - INFO - CALL_ALLOWED - LTP_API - tsl.get_ltp_data(names=['DIVISLAB 28 OCT 6200 CALL']) - Queue size after add: 1, Max allowed: 1
2025-10-08 10:30:08,867 - INFO - CALL_ALLOWED - LTP_API - tsl.get_ltp_data(names=20 symbols) - Queue size after add: 1, Max allowed: 1
2025-10-08 10:30:14,023 - INFO - CALL_ALLOWED - NTRADING_API - tsl.get_order_status(orderid='PAPER_1001') - Queue size after add: 1, Max allowed: 18
2025-10-08 10:30:16,757 - INFO - CALL_ALLOWED - LTP_API - tsl.get_ltp_data(names=['DIVISLAB 28 OCT 6200 CALL']) - Queue size after add: 1, Max allowed: 1
2025-10-08 10:30:23,836 - INFO - CALL_ALLOWED - LTP_API - tsl.get_ltp_data(names=20 symbols) - Queue size after add: 1, Max allowed: 1
2025-10-08 10:30:29,303 - INFO - CALL_ALLOWED - NTRADING_API - tsl.get_order_status(orderid='PAPER_1001') - Queue size after add: 1, Max allowed: 18
2025-10-08 10:30:31,978 - INFO - CALL_ALLOWED - LTP_API - tsl.get_ltp_data(names=['DIVISLAB 28 OCT 6200 CALL']) - Queue size after add: 1, Max allowed: 1
2025-10-08 10:30:39,066 - INFO - CALL_ALLOWED - LTP_API - tsl.get_ltp_data(names=20 symbols) - Queue size after add: 1, Max allowed: 1
2025-10-08 10:30:44,461 - INFO - CALL_ALLOWED - NTRADING_API - tsl.get_order_status(orderid='PAPER_1001') - Queue size after add: 1, Max allowed: 18
2025-10-08 10:30:47,098 - INFO - CALL_ALLOWED - LTP_API - tsl.get_ltp_data(names=['DIVISLAB 28 OCT 6200 CALL']) - Queue size after add: 1, Max allowed: 1
2025-10-08 10:30:54,175 - INFO - CALL_ALLOWED - LTP_API - tsl.get_ltp_data(names=20 symbols) - Queue size after add: 1, Max allowed: 1
2025-10-08 10:30:59,721 - INFO - CALL_ALLOWED - NTRADING_API - tsl.get_order_status(orderid='PAPER_1001') - Queue size after add: 1, Max allowed: 18
2025-10-08 10:31:02,367 - INFO - CALL_ALLOWED - LTP_API - tsl.get_ltp_data(names=['DIVISLAB 28 OCT 6200 CALL']) - Queue size after add: 1, Max allowed: 1
2025-10-08 10:31:09,460 - INFO - CALL_ALLOWED - LTP_API - tsl.get_ltp_data(names=20 symbols) - Queue size after add: 1, Max allowed: 1
2025-10-08 10:31:15,029 - INFO - CALL_ALLOWED - NTRADING_API - tsl.get_order_status(orderid='PAPER_1001') - Queue size after add: 1, Max allowed: 18
2025-10-08 10:31:17,880 - INFO - CALL_ALLOWED - LTP_API - tsl.get_ltp_data(names=['DIVISLAB 28 OCT 6200 CALL']) - Queue size after add: 1, Max allowed: 1
2025-10-08 10:31:24,972 - INFO - CALL_ALLOWED - LTP_API - tsl.get_ltp_data(names=20 symbols) - Queue size after add: 1, Max allowed: 1
2025-10-08 10:31:30,548 - INFO - CALL_ALLOWED - NTRADING_API - tsl.get_order_status(orderid='PAPER_1001') - Queue size after add: 1, Max allowed: 18
2025-10-08 10:31:33,162 - INFO - CALL_ALLOWED - LTP_API - tsl.get_ltp_data(names=['DIVISLAB 28 OCT 6200 CALL']) - Queue size after add: 1, Max allowed: 1
2025-10-08 10:31:40,241 - INFO - CALL_ALLOWED - LTP_API - tsl.get_ltp_data(names=20 symbols) - Queue size after add: 1, Max allowed: 1
2025-10-08 10:31:45,474 - INFO - CALL_ALLOWED - NTRADING_API - tsl.get_order_status(orderid='PAPER_1001') - Queue size after add: 1, Max allowed: 18
2025-10-08 10:31:47,949 - INFO - CALL_ALLOWED - LTP_API - tsl.get_ltp_data(names=['DIVISLAB 28 OCT 6200 CALL']) - Queue size after add: 1, Max allowed: 1
2025-10-08 10:31:55,011 - INFO - CALL_ALLOWED - LTP_API - tsl.get_ltp_data(names=20 symbols) - Queue size after add: 1, Max allowed: 1
2025-10-08 10:32:00,045 - INFO - CALL_ALLOWED - NTRADING_API - tsl.get_order_status(orderid='PAPER_1001') - Queue size after add: 1, Max allowed: 18
2025-10-08 10:32:02,583 - INFO - CALL_ALLOWED - LTP_API - tsl.get_ltp_data(names=['DIVISLAB 28 OCT 6200 CALL']) - Queue size after add: 1, Max allowed: 1
2025-10-08 10:32:09,639 - INFO - CALL_ALLOWED - LTP_API - tsl.get_ltp_data(names=20 symbols) - Queue size after add: 1, Max allowed: 1
2025-10-08 10:32:15,297 - INFO - CALL_ALLOWED - NTRADING_API - tsl.get_order_status(orderid='PAPER_1001') - Queue size after add: 1, Max allowed: 18
2025-10-08 10:32:17,961 - INFO - CALL_ALLOWED - LTP_API - tsl.get_ltp_data(names=['DIVISLAB 28 OCT 6200 CALL']) - Queue size after add: 1, Max allowed: 1
2025-10-08 10:32:25,042 - INFO - CALL_ALLOWED - LTP_API - tsl.get_ltp_data(names=20 symbols) - Queue size after add: 1, Max allowed: 1
2025-10-08 10:32:30,355 - INFO - CALL_ALLOWED - NTRADING_API - tsl.get_order_status(orderid='PAPER_1001') - Queue size after add: 1, Max allowed: 18
2025-10-08 10:32:33,025 - INFO - CALL_ALLOWED - LTP_API - tsl.get_ltp_data(names=['DIVISLAB 28 OCT 6200 CALL']) - Queue size after add: 1, Max allowed: 1
2025-10-08 10:32:35,102 - INFO - CALL_ALLOWED - ORDER_API - tsl.modify_order(order_id='PAPER_1001', STOPLIMIT) - Queue size after add: 1, Max allowed: 25
2025-10-08 10:32:40,189 - INFO - CALL_ALLOWED - LTP_API - tsl.get_ltp_data(names=20 symbols) - Queue size after add: 1, Max allowed: 1
2025-10-08 10:32:45,349 - INFO - CALL_ALLOWED - NTRADING_API - tsl.get_order_status(orderid='PAPER_1001') - Queue size after add: 1, Max allowed: 18
2025-10-08 10:32:47,950 - INFO - CALL_ALLOWED - LTP_API - tsl.get_ltp_data(names=['DIVISLAB 28 OCT 6200 CALL']) - Queue size after add: 1, Max allowed: 1
2025-10-08 10:32:50,034 - INFO - CALL_ALLOWED - ORDER_API - tsl.modify_order(order_id='PAPER_1001', STOPLIMIT) - Queue size after add: 1, Max allowed: 25
2025-10-08 10:32:55,113 - INFO - CALL_ALLOWED - LTP_API - tsl.get_ltp_data(names=20 symbols) - Queue size after add: 1, Max allowed: 1
2025-10-08 10:33:00,311 - INFO - CALL_ALLOWED - NTRADING_API - tsl.get_order_status(orderid='PAPER_1001') - Queue size after add: 1, Max allowed: 18
2025-10-08 10:33:03,015 - INFO - CALL_ALLOWED - LTP_API - tsl.get_ltp_data(names=['DIVISLAB 28 OCT 6200 CALL']) - Queue size after add: 1, Max allowed: 1
2025-10-08 10:33:10,091 - INFO - CALL_ALLOWED - LTP_API - tsl.get_ltp_data(names=20 symbols) - Queue size after add: 1, Max allowed: 1
2025-10-08 10:33:16,351 - INFO - CALL_ALLOWED - NTRADING_API - tsl.get_order_status(orderid='PAPER_1001') - Queue size after add: 1, Max allowed: 18
2025-10-08 10:33:19,599 - INFO - CALL_ALLOWED - LTP_API - tsl.get_ltp_data(names=['DIVISLAB 28 OCT 6200 CALL']) - Queue size after add: 1, Max allowed: 1
2025-10-08 10:33:26,922 - INFO - CALL_ALLOWED - LTP_API - tsl.get_ltp_data(names=20 symbols) - Queue size after add: 1, Max allowed: 1
2025-10-08 10:33:32,481 - INFO - CALL_ALLOWED - NTRADING_API - tsl.get_order_status(orderid='PAPER_1001') - Queue size after add: 1, Max allowed: 18
2025-10-08 10:33:35,016 - INFO - CALL_ALLOWED - LTP_API - tsl.get_ltp_data(names=['DIVISLAB 28 OCT 6200 CALL']) - Queue size after add: 1, Max allowed: 1
2025-10-08 10:33:42,089 - INFO - CALL_ALLOWED - LTP_API - tsl.get_ltp_data(names=20 symbols) - Queue size after add: 1, Max allowed: 1
2025-10-08 10:33:47,306 - INFO - CALL_ALLOWED - NTRADING_API - tsl.get_order_status(orderid='PAPER_1001') - Queue size after add: 1, Max allowed: 18
2025-10-08 10:33:49,858 - INFO - CALL_ALLOWED - LTP_API - tsl.get_ltp_data(names=['DIVISLAB 28 OCT 6200 CALL']) - Queue size after add: 1, Max allowed: 1
2025-10-08 10:33:56,942 - INFO - CALL_ALLOWED - LTP_API - tsl.get_ltp_data(names=20 symbols) - Queue size after add: 1, Max allowed: 1
2025-10-08 10:34:01,893 - INFO - CALL_ALLOWED - NTRADING_API - tsl.get_order_status(orderid='PAPER_1001') - Queue size after add: 1, Max allowed: 18
2025-10-08 10:34:04,453 - INFO - CALL_ALLOWED - LTP_API - tsl.get_ltp_data(names=['DIVISLAB 28 OCT 6200 CALL']) - Queue size after add: 1, Max allowed: 1
2025-10-08 10:34:11,532 - INFO - CALL_ALLOWED - LTP_API - tsl.get_ltp_data(names=20 symbols) - Queue size after add: 1, Max allowed: 1
2025-10-08 10:34:16,543 - INFO - CALL_ALLOWED - NTRADING_API - tsl.get_order_status(orderid='PAPER_1001') - Queue size after add: 1, Max allowed: 18
2025-10-08 10:34:19,042 - INFO - CALL_ALLOWED - LTP_API - tsl.get_ltp_data(names=['DIVISLAB 28 OCT 6200 CALL']) - Queue size after add: 1, Max allowed: 1
2025-10-08 10:34:26,186 - INFO - CALL_ALLOWED - LTP_API - tsl.get_ltp_data(names=20 symbols) - Queue size after add: 1, Max allowed: 1
2025-10-08 10:34:31,616 - INFO - CALL_ALLOWED - NTRADING_API - tsl.get_order_status(orderid='PAPER_1001') - Queue size after add: 1, Max allowed: 18
2025-10-08 10:34:34,130 - INFO - CALL_ALLOWED - LTP_API - tsl.get_ltp_data(names=['DIVISLAB 28 OCT 6200 CALL']) - Queue size after add: 1, Max allowed: 1
2025-10-08 10:34:41,421 - INFO - CALL_ALLOWED - LTP_API - tsl.get_ltp_data(names=20 symbols) - Queue size after add: 1, Max allowed: 1
2025-10-08 10:34:46,403 - INFO - CALL_ALLOWED - NTRADING_API - tsl.get_order_status(orderid='PAPER_1001') - Queue size after add: 1, Max allowed: 18
2025-10-08 10:34:48,888 - INFO - CALL_ALLOWED - LTP_API - tsl.get_ltp_data(names=['DIVISLAB 28 OCT 6200 CALL']) - Queue size after add: 1, Max allowed: 1
2025-10-08 10:34:55,961 - INFO - CALL_ALLOWED - LTP_API - tsl.get_ltp_data(names=20 symbols) - Queue size after add: 1, Max allowed: 1
2025-10-08 10:35:01,054 - INFO - CALL_ALLOWED - NTRADING_API - tsl.get_order_status(orderid='PAPER_1001') - Queue size after add: 1, Max allowed: 18
2025-10-08 10:35:03,511 - INFO - CALL_ALLOWED - LTP_API - tsl.get_ltp_data(names=['DIVISLAB 28 OCT 6200 CALL']) - Queue size after add: 1, Max allowed: 1
2025-10-08 10:35:10,567 - INFO - CALL_ALLOWED - LTP_API - tsl.get_ltp_data(names=20 symbols) - Queue size after add: 1, Max allowed: 1
2025-10-08 10:35:15,650 - INFO - CALL_ALLOWED - NTRADING_API - tsl.get_order_status(orderid='PAPER_1001') - Queue size after add: 1, Max allowed: 18
2025-10-08 10:35:18,183 - INFO - CALL_ALLOWED - LTP_API - tsl.get_ltp_data(names=['DIVISLAB 28 OCT 6200 CALL']) - Queue size after add: 1, Max allowed: 1
2025-10-08 10:35:25,253 - INFO - CALL_ALLOWED - LTP_API - tsl.get_ltp_data(names=20 symbols) - Queue size after add: 1, Max allowed: 1
2025-10-08 10:35:30,194 - INFO - CALL_ALLOWED - NTRADING_API - tsl.get_order_status(orderid='PAPER_1001') - Queue size after add: 1, Max allowed: 18
2025-10-08 10:35:32,791 - INFO - CALL_ALLOWED - LTP_API - tsl.get_ltp_data(names=['DIVISLAB 28 OCT 6200 CALL']) - Queue size after add: 1, Max allowed: 1
2025-10-08 10:35:39,847 - INFO - CALL_ALLOWED - LTP_API - tsl.get_ltp_data(names=20 symbols) - Queue size after add: 1, Max allowed: 1
2025-10-08 10:35:44,893 - INFO - CALL_ALLOWED - NTRADING_API - tsl.get_order_status(orderid='PAPER_1001') - Queue size after add: 1, Max allowed: 18
2025-10-08 10:35:47,419 - INFO - CALL_ALLOWED - LTP_API - tsl.get_ltp_data(names=['DIVISLAB 28 OCT 6200 CALL']) - Queue size after add: 1, Max allowed: 1
2025-10-08 10:35:54,524 - INFO - CALL_ALLOWED - LTP_API - tsl.get_ltp_data(names=20 symbols) - Queue size after add: 1, Max allowed: 1
2025-10-08 10:35:59,470 - INFO - CALL_ALLOWED - NTRADING_API - tsl.get_order_status(orderid='PAPER_1001') - Queue size after add: 1, Max allowed: 18
2025-10-08 10:36:02,012 - INFO - CALL_ALLOWED - LTP_API - tsl.get_ltp_data(names=['DIVISLAB 28 OCT 6200 CALL']) - Queue size after add: 1, Max allowed: 1
2025-10-08 10:36:09,081 - INFO - CALL_ALLOWED - LTP_API - tsl.get_ltp_data(names=20 symbols) - Queue size after add: 1, Max allowed: 1
2025-10-08 10:36:14,014 - INFO - CALL_ALLOWED - NTRADING_API - tsl.get_order_status(orderid='PAPER_1001') - Queue size after add: 1, Max allowed: 18
2025-10-08 10:36:16,585 - INFO - CALL_ALLOWED - LTP_API - tsl.get_ltp_data(names=['DIVISLAB 28 OCT 6200 CALL']) - Queue size after add: 1, Max allowed: 1
2025-10-08 10:36:18,700 - INFO - CALL_ALLOWED - ORDER_API - tsl.modify_order(order_id='PAPER_1001', STOPLIMIT) - Queue size after add: 1, Max allowed: 25
2025-10-08 10:36:23,799 - INFO - CALL_ALLOWED - LTP_API - tsl.get_ltp_data(names=20 symbols) - Queue size after add: 1, Max allowed: 1
2025-10-08 10:36:29,493 - INFO - CALL_ALLOWED - NTRADING_API - tsl.get_order_status(orderid='PAPER_1001') - Queue size after add: 1, Max allowed: 18
2025-10-08 10:36:32,130 - INFO - CALL_ALLOWED - LTP_API - tsl.get_ltp_data(names=['DIVISLAB 28 OCT 6200 CALL']) - Queue size after add: 1, Max allowed: 1
2025-10-08 10:36:39,245 - INFO - CALL_ALLOWED - LTP_API - tsl.get_ltp_data(names=20 symbols) - Queue size after add: 1, Max allowed: 1
2025-10-08 10:36:44,154 - INFO - CALL_ALLOWED - NTRADING_API - tsl.get_order_status(orderid='PAPER_1001') - Queue size after add: 1, Max allowed: 18
2025-10-08 10:36:46,699 - INFO - CALL_ALLOWED - LTP_API - tsl.get_ltp_data(names=['DIVISLAB 28 OCT 6200 CALL']) - Queue size after add: 1, Max allowed: 1
2025-10-08 10:36:53,773 - INFO - CALL_ALLOWED - LTP_API - tsl.get_ltp_data(names=20 symbols) - Queue size after add: 1, Max allowed: 1
2025-10-08 10:36:58,741 - INFO - CALL_ALLOWED - NTRADING_API - tsl.get_order_status(orderid='PAPER_1001') - Queue size after add: 1, Max allowed: 18
2025-10-08 10:37:01,216 - INFO - CALL_ALLOWED - LTP_API - tsl.get_ltp_data(names=['DIVISLAB 28 OCT 6200 CALL']) - Queue size after add: 1, Max allowed: 1
2025-10-08 10:37:08,426 - INFO - CALL_ALLOWED - LTP_API - tsl.get_ltp_data(names=20 symbols) - Queue size after add: 1, Max allowed: 1
2025-10-08 10:37:13,467 - INFO - CALL_ALLOWED - NTRADING_API - tsl.get_order_status(orderid='PAPER_1001') - Queue size after add: 1, Max allowed: 18
2025-10-08 10:37:15,973 - INFO - CALL_ALLOWED - LTP_API - tsl.get_ltp_data(names=['DIVISLAB 28 OCT 6200 CALL']) - Queue size after add: 1, Max allowed: 1
2025-10-08 10:37:23,136 - INFO - CALL_ALLOWED - LTP_API - tsl.get_ltp_data(names=20 symbols) - Queue size after add: 1, Max allowed: 1
2025-10-08 10:37:28,057 - INFO - CALL_ALLOWED - NTRADING_API - tsl.get_order_status(orderid='PAPER_1001') - Queue size after add: 1, Max allowed: 18
2025-10-08 10:37:30,473 - INFO - CALL_ALLOWED - LTP_API - tsl.get_ltp_data(names=['DIVISLAB 28 OCT 6200 CALL']) - Queue size after add: 1, Max allowed: 1
2025-10-08 10:37:37,539 - INFO - CALL_ALLOWED - LTP_API - tsl.get_ltp_data(names=20 symbols) - Queue size after add: 1, Max allowed: 1
2025-10-08 10:37:42,651 - INFO - CALL_ALLOWED - NTRADING_API - tsl.get_order_status(orderid='PAPER_1001') - Queue size after add: 1, Max allowed: 18
2025-10-08 10:37:45,120 - INFO - CALL_ALLOWED - LTP_API - tsl.get_ltp_data(names=['DIVISLAB 28 OCT 6200 CALL']) - Queue size after add: 1, Max allowed: 1
2025-10-08 10:37:52,233 - INFO - CALL_ALLOWED - LTP_API - tsl.get_ltp_data(names=20 symbols) - Queue size after add: 1, Max allowed: 1
2025-10-08 10:37:57,353 - INFO - CALL_ALLOWED - NTRADING_API - tsl.get_order_status(orderid='PAPER_1001') - Queue size after add: 1, Max allowed: 18
2025-10-08 10:37:59,789 - INFO - CALL_ALLOWED - LTP_API - tsl.get_ltp_data(names=['DIVISLAB 28 OCT 6200 CALL']) - Queue size after add: 1, Max allowed: 1
2025-10-08 10:38:06,857 - INFO - CALL_ALLOWED - LTP_API - tsl.get_ltp_data(names=20 symbols) - Queue size after add: 1, Max allowed: 1
2025-10-08 10:38:12,030 - INFO - CALL_ALLOWED - NTRADING_API - tsl.get_order_status(orderid='PAPER_1001') - Queue size after add: 1, Max allowed: 18
2025-10-08 10:38:14,567 - INFO - CALL_ALLOWED - LTP_API - tsl.get_ltp_data(names=['DIVISLAB 28 OCT 6200 CALL']) - Queue size after add: 1, Max allowed: 1
2025-10-08 10:38:21,860 - INFO - CALL_ALLOWED - LTP_API - tsl.get_ltp_data(names=20 symbols) - Queue size after add: 1, Max allowed: 1
2025-10-08 10:38:27,470 - INFO - CALL_ALLOWED - NTRADING_API - tsl.get_order_status(orderid='PAPER_1001') - Queue size after add: 1, Max allowed: 18
2025-10-08 10:38:30,094 - INFO - CALL_ALLOWED - LTP_API - tsl.get_ltp_data(names=['DIVISLAB 28 OCT 6200 CALL']) - Queue size after add: 1, Max allowed: 1
2025-10-08 10:38:37,188 - INFO - CALL_ALLOWED - LTP_API - tsl.get_ltp_data(names=20 symbols) - Queue size after add: 1, Max allowed: 1
2025-10-08 10:38:42,427 - INFO - CALL_ALLOWED - NTRADING_API - tsl.get_order_status(orderid='PAPER_1001') - Queue size after add: 1, Max allowed: 18
2025-10-08 10:38:45,058 - INFO - CALL_ALLOWED - LTP_API - tsl.get_ltp_data(names=['DIVISLAB 28 OCT 6200 CALL']) - Queue size after add: 1, Max allowed: 1
2025-10-08 10:38:47,138 - INFO - CALL_ALLOWED - ORDER_API - tsl.modify_order(order_id='PAPER_1001', STOPLIMIT) - Queue size after add: 1, Max allowed: 25
2025-10-08 10:38:52,223 - INFO - CALL_ALLOWED - LTP_API - tsl.get_ltp_data(names=20 symbols) - Queue size after add: 1, Max allowed: 1
2025-10-08 10:38:57,626 - INFO - CALL_ALLOWED - NTRADING_API - tsl.get_order_status(orderid='PAPER_1001') - Queue size after add: 1, Max allowed: 18
2025-10-08 10:39:00,549 - INFO - CALL_ALLOWED - LTP_API - tsl.get_ltp_data(names=['DIVISLAB 28 OCT 6200 CALL']) - Queue size after add: 1, Max allowed: 1
2025-10-08 10:39:07,617 - INFO - CALL_ALLOWED - LTP_API - tsl.get_ltp_data(names=20 symbols) - Queue size after add: 1, Max allowed: 1
2025-10-08 10:39:12,922 - INFO - CALL_ALLOWED - NTRADING_API - tsl.get_order_status(orderid='PAPER_1001') - Queue size after add: 1, Max allowed: 18
2025-10-08 10:39:15,502 - INFO - CALL_ALLOWED - LTP_API - tsl.get_ltp_data(names=['DIVISLAB 28 OCT 6200 CALL']) - Queue size after add: 1, Max allowed: 1
2025-10-08 10:39:23,790 - INFO - CALL_ALLOWED - LTP_API - tsl.get_ltp_data(names=20 symbols) - Queue size after add: 1, Max allowed: 1
2025-10-08 10:39:28,782 - INFO - CALL_ALLOWED - NTRADING_API - tsl.get_order_status(orderid='PAPER_1001') - Queue size after add: 1, Max allowed: 18
2025-10-08 10:39:31,309 - INFO - CALL_ALLOWED - LTP_API - tsl.get_ltp_data(names=['DIVISLAB 28 OCT 6200 CALL']) - Queue size after add: 1, Max allowed: 1
2025-10-08 10:39:38,417 - INFO - CALL_ALLOWED - LTP_API - tsl.get_ltp_data(names=20 symbols) - Queue size after add: 1, Max allowed: 1
2025-10-08 10:39:43,690 - INFO - CALL_ALLOWED - NTRADING_API - tsl.get_order_status(orderid='PAPER_1001') - Queue size after add: 1, Max allowed: 18
2025-10-08 10:39:46,287 - INFO - CALL_ALLOWED - LTP_API - tsl.get_ltp_data(names=['DIVISLAB 28 OCT 6200 CALL']) - Queue size after add: 1, Max allowed: 1
2025-10-08 10:39:48,340 - INFO - CALL_ALLOWED - ORDER_API - tsl.modify_order(order_id='PAPER_1001', STOPLIMIT) - Queue size after add: 1, Max allowed: 25
2025-10-08 10:39:53,428 - INFO - CALL_ALLOWED - LTP_API - tsl.get_ltp_data(names=20 symbols) - Queue size after add: 1, Max allowed: 1
2025-10-08 10:39:58,314 - INFO - CALL_ALLOWED - NTRADING_API - tsl.get_order_status(orderid='PAPER_1001') - Queue size after add: 1, Max allowed: 18
2025-10-08 10:40:00,945 - INFO - CALL_ALLOWED - LTP_API - tsl.get_ltp_data(names=['DIVISLAB 28 OCT 6200 CALL']) - Queue size after add: 1, Max allowed: 1
2025-10-08 10:40:08,028 - INFO - CALL_ALLOWED - LTP_API - tsl.get_ltp_data(names=20 symbols) - Queue size after add: 1, Max allowed: 1
2025-10-08 10:40:13,167 - INFO - CALL_ALLOWED - NTRADING_API - tsl.get_order_status(orderid='PAPER_1001') - Queue size after add: 1, Max allowed: 18
2025-10-08 10:40:15,616 - INFO - CALL_ALLOWED - LTP_API - tsl.get_ltp_data(names=['DIVISLAB 28 OCT 6200 CALL']) - Queue size after add: 1, Max allowed: 1
2025-10-08 10:40:22,694 - INFO - CALL_ALLOWED - LTP_API - tsl.get_ltp_data(names=20 symbols) - Queue size after add: 1, Max allowed: 1
2025-10-08 10:40:27,809 - INFO - CALL_ALLOWED - NTRADING_API - tsl.get_order_status(orderid='PAPER_1001') - Queue size after add: 1, Max allowed: 18
2025-10-08 10:40:30,314 - INFO - CALL_ALLOWED - LTP_API - tsl.get_ltp_data(names=['DIVISLAB 28 OCT 6200 CALL']) - Queue size after add: 1, Max allowed: 1
2025-10-08 10:40:37,480 - INFO - CALL_ALLOWED - LTP_API - tsl.get_ltp_data(names=20 symbols) - Queue size after add: 1, Max allowed: 1
2025-10-08 10:40:44,093 - INFO - CALL_ALLOWED - NTRADING_API - tsl.get_order_status(orderid='PAPER_1001') - Queue size after add: 1, Max allowed: 18
2025-10-08 10:40:46,635 - INFO - CALL_ALLOWED - LTP_API - tsl.get_ltp_data(names=['DIVISLAB 28 OCT 6200 CALL']) - Queue size after add: 1, Max allowed: 1
2025-10-08 10:40:53,708 - INFO - CALL_ALLOWED - LTP_API - tsl.get_ltp_data(names=20 symbols) - Queue size after add: 1, Max allowed: 1
2025-10-08 10:40:58,736 - INFO - CALL_ALLOWED - NTRADING_API - tsl.get_order_status(orderid='PAPER_1001') - Queue size after add: 1, Max allowed: 18
2025-10-08 10:41:01,285 - INFO - CALL_ALLOWED - LTP_API - tsl.get_ltp_data(names=['DIVISLAB 28 OCT 6200 CALL']) - Queue size after add: 1, Max allowed: 1
2025-10-08 10:41:08,359 - INFO - CALL_ALLOWED - LTP_API - tsl.get_ltp_data(names=20 symbols) - Queue size after add: 1, Max allowed: 1
2025-10-08 10:41:13,453 - INFO - CALL_ALLOWED - NTRADING_API - tsl.get_order_status(orderid='PAPER_1001') - Queue size after add: 1, Max allowed: 18
2025-10-08 10:41:16,017 - INFO - CALL_ALLOWED - LTP_API - tsl.get_ltp_data(names=['DIVISLAB 28 OCT 6200 CALL']) - Queue size after add: 1, Max allowed: 1
2025-10-08 10:41:23,118 - INFO - CALL_ALLOWED - LTP_API - tsl.get_ltp_data(names=20 symbols) - Queue size after add: 1, Max allowed: 1
2025-10-08 10:41:28,140 - INFO - CALL_ALLOWED - NTRADING_API - tsl.get_order_status(orderid='PAPER_1001') - Queue size after add: 1, Max allowed: 18
2025-10-08 10:41:30,682 - INFO - CALL_ALLOWED - LTP_API - tsl.get_ltp_data(names=['DIVISLAB 28 OCT 6200 CALL']) - Queue size after add: 1, Max allowed: 1
2025-10-08 10:41:37,752 - INFO - CALL_ALLOWED - LTP_API - tsl.get_ltp_data(names=20 symbols) - Queue size after add: 1, Max allowed: 1
2025-10-08 10:41:42,872 - INFO - CALL_ALLOWED - NTRADING_API - tsl.get_order_status(orderid='PAPER_1001') - Queue size after add: 1, Max allowed: 18
2025-10-08 10:41:45,359 - INFO - CALL_ALLOWED - LTP_API - tsl.get_ltp_data(names=['DIVISLAB 28 OCT 6200 CALL']) - Queue size after add: 1, Max allowed: 1
2025-10-08 10:41:52,473 - INFO - CALL_ALLOWED - LTP_API - tsl.get_ltp_data(names=20 symbols) - Queue size after add: 1, Max allowed: 1
2025-10-08 10:41:57,876 - INFO - CALL_ALLOWED - NTRADING_API - tsl.get_order_status(orderid='PAPER_1001') - Queue size after add: 1, Max allowed: 18
2025-10-08 10:42:00,331 - INFO - CALL_ALLOWED - LTP_API - tsl.get_ltp_data(names=['DIVISLAB 28 OCT 6200 CALL']) - Queue size after add: 1, Max allowed: 1
2025-10-08 10:42:07,633 - INFO - CALL_ALLOWED - LTP_API - tsl.get_ltp_data(names=20 symbols) - Queue size after add: 1, Max allowed: 1
2025-10-08 10:42:12,971 - INFO - CALL_ALLOWED - NTRADING_API - tsl.get_order_status(orderid='PAPER_1001') - Queue size after add: 1, Max allowed: 18
2025-10-08 10:42:15,468 - INFO - CALL_ALLOWED - LTP_API - tsl.get_ltp_data(names=['DIVISLAB 28 OCT 6200 CALL']) - Queue size after add: 1, Max allowed: 1
2025-10-08 10:42:22,604 - INFO - CALL_ALLOWED - LTP_API - tsl.get_ltp_data(names=20 symbols) - Queue size after add: 1, Max allowed: 1
2025-10-08 10:42:28,382 - INFO - CALL_ALLOWED - NTRADING_API - tsl.get_order_status(orderid='PAPER_1001') - Queue size after add: 1, Max allowed: 18
2025-10-08 10:42:30,993 - INFO - CALL_ALLOWED - LTP_API - tsl.get_ltp_data(names=['DIVISLAB 28 OCT 6200 CALL']) - Queue size after add: 1, Max allowed: 1
2025-10-08 10:42:38,079 - INFO - CALL_ALLOWED - LTP_API - tsl.get_ltp_data(names=20 symbols) - Queue size after add: 1, Max allowed: 1
2025-10-08 10:42:43,158 - INFO - CALL_ALLOWED - NTRADING_API - tsl.get_order_status(orderid='PAPER_1001') - Queue size after add: 1, Max allowed: 18
2025-10-08 10:42:45,656 - INFO - CALL_ALLOWED - LTP_API - tsl.get_ltp_data(names=['DIVISLAB 28 OCT 6200 CALL']) - Queue size after add: 1, Max allowed: 1
2025-10-08 10:42:52,713 - INFO - CALL_ALLOWED - LTP_API - tsl.get_ltp_data(names=20 symbols) - Queue size after add: 1, Max allowed: 1
2025-10-08 10:42:58,347 - INFO - CALL_ALLOWED - NTRADING_API - tsl.get_order_status(orderid='PAPER_1001') - Queue size after add: 1, Max allowed: 18
2025-10-08 10:43:01,028 - INFO - CALL_ALLOWED - LTP_API - tsl.get_ltp_data(names=['DIVISLAB 28 OCT 6200 CALL']) - Queue size after add: 1, Max allowed: 1
2025-10-08 10:43:08,097 - INFO - CALL_ALLOWED - LTP_API - tsl.get_ltp_data(names=20 symbols) - Queue size after add: 1, Max allowed: 1
2025-10-08 10:43:13,232 - INFO - CALL_ALLOWED - NTRADING_API - tsl.get_order_status(orderid='PAPER_1001') - Queue size after add: 1, Max allowed: 18
2025-10-08 10:43:15,665 - INFO - CALL_ALLOWED - LTP_API - tsl.get_ltp_data(names=['DIVISLAB 28 OCT 6200 CALL']) - Queue size after add: 1, Max allowed: 1
2025-10-08 10:43:22,800 - INFO - CALL_ALLOWED - LTP_API - tsl.get_ltp_data(names=20 symbols) - Queue size after add: 1, Max allowed: 1
2025-10-08 10:43:27,942 - INFO - CALL_ALLOWED - NTRADING_API - tsl.get_order_status(orderid='PAPER_1001') - Queue size after add: 1, Max allowed: 18
2025-10-08 10:43:30,482 - INFO - CALL_ALLOWED - LTP_API - tsl.get_ltp_data(names=['DIVISLAB 28 OCT 6200 CALL']) - Queue size after add: 1, Max allowed: 1
2025-10-08 10:43:37,789 - INFO - CALL_ALLOWED - LTP_API - tsl.get_ltp_data(names=20 symbols) - Queue size after add: 1, Max allowed: 1
2025-10-08 10:43:42,914 - INFO - CALL_ALLOWED - NTRADING_API - tsl.get_order_status(orderid='PAPER_1001') - Queue size after add: 1, Max allowed: 18
2025-10-08 10:43:45,388 - INFO - CALL_ALLOWED - LTP_API - tsl.get_ltp_data(names=['DIVISLAB 28 OCT 6200 CALL']) - Queue size after add: 1, Max allowed: 1
2025-10-08 10:43:52,475 - INFO - CALL_ALLOWED - LTP_API - tsl.get_ltp_data(names=20 symbols) - Queue size after add: 1, Max allowed: 1
2025-10-08 10:43:58,116 - INFO - CALL_ALLOWED - NTRADING_API - tsl.get_order_status(orderid='PAPER_1001') - Queue size after add: 1, Max allowed: 18
2025-10-08 10:44:00,685 - INFO - CALL_ALLOWED - LTP_API - tsl.get_ltp_data(names=['DIVISLAB 28 OCT 6200 CALL']) - Queue size after add: 1, Max allowed: 1
2025-10-08 10:44:07,846 - INFO - CALL_ALLOWED - LTP_API - tsl.get_ltp_data(names=20 symbols) - Queue size after add: 1, Max allowed: 1
2025-10-08 10:44:13,089 - INFO - CALL_ALLOWED - NTRADING_API - tsl.get_order_status(orderid='PAPER_1001') - Queue size after add: 1, Max allowed: 18
2025-10-08 10:44:15,637 - INFO - CALL_ALLOWED - LTP_API - tsl.get_ltp_data(names=['DIVISLAB 28 OCT 6200 CALL']) - Queue size after add: 1, Max allowed: 1
2025-10-08 10:44:22,730 - INFO - CALL_ALLOWED - LTP_API - tsl.get_ltp_data(names=20 symbols) - Queue size after add: 1, Max allowed: 1
2025-10-08 10:44:28,084 - INFO - CALL_ALLOWED - NTRADING_API - tsl.get_order_status(orderid='PAPER_1001') - Queue size after add: 1, Max allowed: 18
2025-10-08 10:44:30,648 - INFO - CALL_ALLOWED - LTP_API - tsl.get_ltp_data(names=['DIVISLAB 28 OCT 6200 CALL']) - Queue size after add: 1, Max allowed: 1
2025-10-08 10:44:37,779 - INFO - CALL_ALLOWED - LTP_API - tsl.get_ltp_data(names=20 symbols) - Queue size after add: 1, Max allowed: 1
2025-10-08 10:44:43,357 - INFO - CALL_ALLOWED - NTRADING_API - tsl.get_order_status(orderid='PAPER_1001') - Queue size after add: 1, Max allowed: 18
2025-10-08 10:44:46,063 - INFO - CALL_ALLOWED - LTP_API - tsl.get_ltp_data(names=['DIVISLAB 28 OCT 6200 CALL']) - Queue size after add: 1, Max allowed: 1
2025-10-08 10:44:53,222 - INFO - CALL_ALLOWED - LTP_API - tsl.get_ltp_data(names=20 symbols) - Queue size after add: 1, Max allowed: 1
2025-10-08 10:44:58,870 - INFO - CALL_ALLOWED - NTRADING_API - tsl.get_order_status(orderid='PAPER_1001') - Queue size after add: 1, Max allowed: 18
2025-10-08 10:45:01,834 - INFO - CALL_ALLOWED - LTP_API - tsl.get_ltp_data(names=['DIVISLAB 28 OCT 6200 CALL']) - Queue size after add: 1, Max allowed: 1
2025-10-08 10:45:09,047 - INFO - CALL_ALLOWED - LTP_API - tsl.get_ltp_data(names=20 symbols) - Queue size after add: 1, Max allowed: 1
2025-10-08 10:45:14,508 - INFO - CALL_ALLOWED - NTRADING_API - tsl.get_order_status(orderid='PAPER_1001') - Queue size after add: 1, Max allowed: 18
2025-10-08 10:45:17,112 - INFO - CALL_ALLOWED - LTP_API - tsl.get_ltp_data(names=['DIVISLAB 28 OCT 6200 CALL']) - Queue size after add: 1, Max allowed: 1
2025-10-08 10:45:24,208 - INFO - CALL_ALLOWED - LTP_API - tsl.get_ltp_data(names=20 symbols) - Queue size after add: 1, Max allowed: 1
2025-10-08 10:45:29,688 - INFO - CALL_ALLOWED - NTRADING_API - tsl.get_order_status(orderid='PAPER_1001') - Queue size after add: 1, Max allowed: 18
2025-10-08 10:45:32,355 - INFO - CALL_ALLOWED - LTP_API - tsl.get_ltp_data(names=['DIVISLAB 28 OCT 6200 CALL']) - Queue size after add: 1, Max allowed: 1
2025-10-08 10:45:39,649 - INFO - CALL_ALLOWED - LTP_API - tsl.get_ltp_data(names=20 symbols) - Queue size after add: 1, Max allowed: 1
2025-10-08 10:45:45,131 - INFO - CALL_ALLOWED - NTRADING_API - tsl.get_order_status(orderid='PAPER_1001') - Queue size after add: 1, Max allowed: 18
2025-10-08 10:45:47,863 - INFO - CALL_ALLOWED - LTP_API - tsl.get_ltp_data(names=['DIVISLAB 28 OCT 6200 CALL']) - Queue size after add: 1, Max allowed: 1
2025-10-08 10:45:54,988 - INFO - CALL_ALLOWED - LTP_API - tsl.get_ltp_data(names=20 symbols) - Queue size after add: 1, Max allowed: 1
2025-10-08 10:46:00,445 - INFO - CALL_ALLOWED - NTRADING_API - tsl.get_order_status(orderid='PAPER_1001') - Queue size after add: 1, Max allowed: 18
2025-10-08 10:46:03,022 - INFO - CALL_ALLOWED - ORDER_API - tsl.cancel_order(OrderID='PAPER_1001') - Queue size after add: 1, Max allowed: 25
2025-10-08 10:46:04,023 - INFO - CALL_ALLOWED - ORDER_API - tsl.order_placement(tradingsymbol='DIVISLAB 28 OCT 6200 CALL', SELL MARKET) - Queue size after add: 1, Max allowed: 25
2025-10-08 10:46:06,595 - INFO - CALL_ALLOWED - NTRADING_API - tsl.get_executed_price(orderid='PAPER_1002') - Queue size after add: 1, Max allowed: 18
2025-10-08 10:46:14,873 - INFO - CALL_ALLOWED - LTP_API - tsl.get_ltp_data(names=19 symbols) - Queue size after add: 1, Max allowed: 1
2025-10-08 10:46:22,813 - INFO - CALL_ALLOWED - NTRADING_API - tsl.ATM_Strike_Selection(Underlying='INFY', Expiry=0) - Queue size after add: 1, Max allowed: 18
2025-10-08 10:46:26,781 - INFO - CALL_ALLOWED - NTRADING_API - tsl.get_lot_size(tradingsymbol='INFY 28 OCT 1480 CALL') - Queue size after add: 1, Max allowed: 18
2025-10-08 10:46:35,968 - INFO - CALL_ALLOWED - NTRADING_API - tsl.ATM_Strike_Selection(Underlying='DIVISLAB', Expiry=0) - Queue size after add: 1, Max allowed: 18
2025-10-08 10:46:38,907 - INFO - CALL_ALLOWED - NTRADING_API - tsl.get_lot_size(tradingsymbol='DIVISLAB 28 OCT 6250 CALL') - Queue size after add: 1, Max allowed: 18
2025-10-08 10:47:21,877 - INFO - CALL_ALLOWED - LTP_API - tsl.get_ltp_data(names=19 symbols) - Queue size after add: 1, Max allowed: 1
2025-10-08 10:47:29,188 - INFO - CALL_ALLOWED - NTRADING_API - tsl.ATM_Strike_Selection(Underlying='INFY', Expiry=0) - Queue size after add: 1, Max allowed: 18
2025-10-08 10:47:32,129 - INFO - CALL_ALLOWED - NTRADING_API - tsl.get_lot_size(tradingsymbol='INFY 28 OCT 1480 CALL') - Queue size after add: 1, Max allowed: 18
2025-10-08 10:47:39,305 - INFO - CALL_ALLOWED - NTRADING_API - tsl.ATM_Strike_Selection(Underlying='DIVISLAB', Expiry=0) - Queue size after add: 1, Max allowed: 18
2025-10-08 10:47:42,133 - INFO - CALL_ALLOWED - NTRADING_API - tsl.get_lot_size(tradingsymbol='DIVISLAB 28 OCT 6250 CALL') - Queue size after add: 1, Max allowed: 18
2025-10-08 10:48:26,625 - INFO - CALL_ALLOWED - LTP_API - tsl.get_ltp_data(names=19 symbols) - Queue size after add: 1, Max allowed: 1
2025-10-08 10:48:34,163 - INFO - CALL_ALLOWED - NTRADING_API - tsl.ATM_Strike_Selection(Underlying='INFY', Expiry=0) - Queue size after add: 1, Max allowed: 18
2025-10-08 10:48:37,155 - INFO - CALL_ALLOWED - NTRADING_API - tsl.get_lot_size(tradingsymbol='INFY 28 OCT 1480 CALL') - Queue size after add: 1, Max allowed: 18
2025-10-08 10:48:50,349 - INFO - CALL_ALLOWED - NTRADING_API - tsl.ATM_Strike_Selection(Underlying='HCLTECH', Expiry=0) - Queue size after add: 1, Max allowed: 18
2025-10-08 10:48:53,268 - INFO - CALL_ALLOWED - NTRADING_API - tsl.get_lot_size(tradingsymbol='HCLTECH 28 OCT 1440 PUT') - Queue size after add: 1, Max allowed: 18
2025-10-08 10:49:01,120 - INFO - CALL_ALLOWED - NTRADING_API - tsl.ATM_Strike_Selection(Underlying='PATANJALI', Expiry=0) - Queue size after add: 1, Max allowed: 18
2025-10-08 10:49:04,052 - INFO - CALL_ALLOWED - NTRADING_API - tsl.get_lot_size(tradingsymbol='PATANJALI 28 OCT 600 PUT') - Queue size after add: 1, Max allowed: 18
2025-10-08 10:49:07,172 - INFO - CALL_ALLOWED - ORDER_API - tsl.order_placement(tradingsymbol='PATANJALI 28 OCT 600 PUT', BUY MARKET) - Queue size after add: 1, Max allowed: 25
2025-10-08 10:49:09,749 - INFO - CALL_ALLOWED - NTRADING_API - tsl.get_executed_price(orderid='PAPER_1003') - Queue size after add: 1, Max allowed: 18
2025-10-08 10:49:09,749 - INFO - CALL_ALLOWED - ORDER_API - tsl.order_placement(tradingsymbol='PATANJALI 28 OCT 600 PUT', SELL STOPLIMIT) - Queue size after add: 1, Max allowed: 25
2025-10-08 10:49:14,216 - INFO - CALL_ALLOWED - LTP_API - tsl.get_ltp_data(names=20 symbols) - Queue size after add: 1, Max allowed: 1
2025-10-08 10:49:19,697 - INFO - CALL_ALLOWED - NTRADING_API - tsl.get_order_status(orderid='PAPER_1004') - Queue size after add: 1, Max allowed: 18
2025-10-08 10:49:22,701 - INFO - CALL_ALLOWED - LTP_API - tsl.get_ltp_data(names=['PATANJALI 28 OCT 600 PUT']) - Queue size after add: 1, Max allowed: 1
2025-10-08 10:49:29,844 - INFO - CALL_ALLOWED - LTP_API - tsl.get_ltp_data(names=20 symbols) - Queue size after add: 1, Max allowed: 1
2025-10-08 10:49:36,427 - INFO - CALL_ALLOWED - NTRADING_API - tsl.get_order_status(orderid='PAPER_1004') - Queue size after add: 1, Max allowed: 18
2025-10-08 10:49:39,364 - INFO - CALL_ALLOWED - LTP_API - tsl.get_ltp_data(names=['PATANJALI 28 OCT 600 PUT']) - Queue size after add: 1, Max allowed: 1
2025-10-08 10:49:46,561 - INFO - CALL_ALLOWED - LTP_API - tsl.get_ltp_data(names=20 symbols) - Queue size after add: 1, Max allowed: 1
2025-10-08 10:49:52,358 - INFO - CALL_ALLOWED - NTRADING_API - tsl.get_order_status(orderid='PAPER_1004') - Queue size after add: 1, Max allowed: 18
2025-10-08 10:49:55,102 - INFO - CALL_ALLOWED - LTP_API - tsl.get_ltp_data(names=['PATANJALI 28 OCT 600 PUT']) - Queue size after add: 1, Max allowed: 1
2025-10-08 10:50:02,229 - INFO - CALL_ALLOWED - LTP_API - tsl.get_ltp_data(names=20 symbols) - Queue size after add: 1, Max allowed: 1
2025-10-08 10:50:08,394 - INFO - CALL_ALLOWED - NTRADING_API - tsl.get_order_status(orderid='PAPER_1004') - Queue size after add: 1, Max allowed: 18
2025-10-08 10:50:10,951 - INFO - CALL_ALLOWED - LTP_API - tsl.get_ltp_data(names=['PATANJALI 28 OCT 600 PUT']) - Queue size after add: 1, Max allowed: 1
2025-10-08 10:50:18,045 - INFO - CALL_ALLOWED - LTP_API - tsl.get_ltp_data(names=20 symbols) - Queue size after add: 1, Max allowed: 1
2025-10-08 10:50:23,779 - INFO - CALL_ALLOWED - NTRADING_API - tsl.get_order_status(orderid='PAPER_1004') - Queue size after add: 1, Max allowed: 18
2025-10-08 10:50:26,773 - INFO - CALL_ALLOWED - LTP_API - tsl.get_ltp_data(names=['PATANJALI 28 OCT 600 PUT']) - Queue size after add: 1, Max allowed: 1
2025-10-08 10:50:33,851 - INFO - CALL_ALLOWED - LTP_API - tsl.get_ltp_data(names=20 symbols) - Queue size after add: 1, Max allowed: 1
2025-10-08 10:50:39,594 - INFO - CALL_ALLOWED - NTRADING_API - tsl.get_order_status(orderid='PAPER_1004') - Queue size after add: 1, Max allowed: 18
2025-10-08 10:50:42,582 - INFO - CALL_ALLOWED - LTP_API - tsl.get_ltp_data(names=['PATANJALI 28 OCT 600 PUT']) - Queue size after add: 1, Max allowed: 1
2025-10-08 10:50:49,674 - INFO - CALL_ALLOWED - LTP_API - tsl.get_ltp_data(names=20 symbols) - Queue size after add: 1, Max allowed: 1
2025-10-08 10:50:54,965 - INFO - CALL_ALLOWED - NTRADING_API - tsl.get_order_status(orderid='PAPER_1004') - Queue size after add: 1, Max allowed: 18
2025-10-08 10:50:57,572 - INFO - CALL_ALLOWED - LTP_API - tsl.get_ltp_data(names=['PATANJALI 28 OCT 600 PUT']) - Queue size after add: 1, Max allowed: 1
2025-10-08 10:51:04,685 - INFO - CALL_ALLOWED - LTP_API - tsl.get_ltp_data(names=20 symbols) - Queue size after add: 1, Max allowed: 1
2025-10-08 10:51:09,961 - INFO - CALL_ALLOWED - NTRADING_API - tsl.get_order_status(orderid='PAPER_1004') - Queue size after add: 1, Max allowed: 18
2025-10-08 10:51:12,743 - INFO - CALL_ALLOWED - LTP_API - tsl.get_ltp_data(names=['PATANJALI 28 OCT 600 PUT']) - Queue size after add: 1, Max allowed: 1
2025-10-08 10:51:19,865 - INFO - CALL_ALLOWED - LTP_API - tsl.get_ltp_data(names=20 symbols) - Queue size after add: 1, Max allowed: 1
2025-10-08 10:51:25,263 - INFO - CALL_ALLOWED - NTRADING_API - tsl.get_order_status(orderid='PAPER_1004') - Queue size after add: 1, Max allowed: 18
2025-10-08 10:51:28,074 - INFO - CALL_ALLOWED - LTP_API - tsl.get_ltp_data(names=['PATANJALI 28 OCT 600 PUT']) - Queue size after add: 1, Max allowed: 1
2025-10-08 10:51:35,216 - INFO - CALL_ALLOWED - LTP_API - tsl.get_ltp_data(names=20 symbols) - Queue size after add: 1, Max allowed: 1
2025-10-08 10:51:40,583 - INFO - CALL_ALLOWED - NTRADING_API - tsl.get_order_status(orderid='PAPER_1004') - Queue size after add: 1, Max allowed: 18
2025-10-08 10:51:43,363 - INFO - CALL_ALLOWED - LTP_API - tsl.get_ltp_data(names=['PATANJALI 28 OCT 600 PUT']) - Queue size after add: 1, Max allowed: 1
2025-10-08 10:51:50,458 - INFO - CALL_ALLOWED - LTP_API - tsl.get_ltp_data(names=20 symbols) - Queue size after add: 1, Max allowed: 1
2025-10-08 10:51:56,756 - INFO - CALL_ALLOWED - NTRADING_API - tsl.get_order_status(orderid='PAPER_1004') - Queue size after add: 1, Max allowed: 18
2025-10-08 10:51:59,393 - INFO - CALL_ALLOWED - LTP_API - tsl.get_ltp_data(names=['PATANJALI 28 OCT 600 PUT']) - Queue size after add: 1, Max allowed: 1
2025-10-08 10:52:06,486 - INFO - CALL_ALLOWED - LTP_API - tsl.get_ltp_data(names=20 symbols) - Queue size after add: 1, Max allowed: 1
2025-10-08 10:52:12,081 - INFO - CALL_ALLOWED - NTRADING_API - tsl.get_order_status(orderid='PAPER_1004') - Queue size after add: 1, Max allowed: 18
2025-10-08 10:52:14,827 - INFO - CALL_ALLOWED - LTP_API - tsl.get_ltp_data(names=['PATANJALI 28 OCT 600 PUT']) - Queue size after add: 1, Max allowed: 1
2025-10-08 10:52:21,919 - INFO - CALL_ALLOWED - LTP_API - tsl.get_ltp_data(names=20 symbols) - Queue size after add: 1, Max allowed: 1
2025-10-08 10:52:27,325 - INFO - CALL_ALLOWED - NTRADING_API - tsl.get_order_status(orderid='PAPER_1004') - Queue size after add: 1, Max allowed: 18
2025-10-08 10:52:30,031 - INFO - CALL_ALLOWED - LTP_API - tsl.get_ltp_data(names=['PATANJALI 28 OCT 600 PUT']) - Queue size after add: 1, Max allowed: 1
2025-10-08 10:52:37,119 - INFO - CALL_ALLOWED - LTP_API - tsl.get_ltp_data(names=20 symbols) - Queue size after add: 1, Max allowed: 1
2025-10-08 10:52:42,528 - INFO - CALL_ALLOWED - NTRADING_API - tsl.get_order_status(orderid='PAPER_1004') - Queue size after add: 1, Max allowed: 18
2025-10-08 10:52:45,184 - INFO - CALL_ALLOWED - LTP_API - tsl.get_ltp_data(names=['PATANJALI 28 OCT 600 PUT']) - Queue size after add: 1, Max allowed: 1
2025-10-08 10:52:52,274 - INFO - CALL_ALLOWED - LTP_API - tsl.get_ltp_data(names=20 symbols) - Queue size after add: 1, Max allowed: 1
2025-10-08 10:52:57,571 - INFO - CALL_ALLOWED - NTRADING_API - tsl.get_order_status(orderid='PAPER_1004') - Queue size after add: 1, Max allowed: 18
2025-10-08 10:53:00,728 - INFO - CALL_ALLOWED - LTP_API - tsl.get_ltp_data(names=['PATANJALI 28 OCT 600 PUT']) - Queue size after add: 1, Max allowed: 1
2025-10-08 10:53:07,783 - INFO - CALL_ALLOWED - LTP_API - tsl.get_ltp_data(names=20 symbols) - Queue size after add: 1, Max allowed: 1
2025-10-08 10:53:13,180 - INFO - CALL_ALLOWED - NTRADING_API - tsl.get_order_status(orderid='PAPER_1004') - Queue size after add: 1, Max allowed: 18
2025-10-08 10:53:15,862 - INFO - CALL_ALLOWED - LTP_API - tsl.get_ltp_data(names=['PATANJALI 28 OCT 600 PUT']) - Queue size after add: 1, Max allowed: 1
2025-10-08 10:53:22,945 - INFO - CALL_ALLOWED - LTP_API - tsl.get_ltp_data(names=20 symbols) - Queue size after add: 1, Max allowed: 1
2025-10-08 10:53:29,065 - INFO - CALL_ALLOWED - NTRADING_API - tsl.get_order_status(orderid='PAPER_1004') - Queue size after add: 1, Max allowed: 18
2025-10-08 10:53:31,753 - INFO - CALL_ALLOWED - LTP_API - tsl.get_ltp_data(names=['PATANJALI 28 OCT 600 PUT']) - Queue size after add: 1, Max allowed: 1
2025-10-08 10:53:38,925 - INFO - CALL_ALLOWED - LTP_API - tsl.get_ltp_data(names=20 symbols) - Queue size after add: 1, Max allowed: 1
2025-10-08 10:53:44,800 - INFO - CALL_ALLOWED - NTRADING_API - tsl.get_order_status(orderid='PAPER_1004') - Queue size after add: 1, Max allowed: 18
2025-10-08 10:53:47,422 - INFO - CALL_ALLOWED - LTP_API - tsl.get_ltp_data(names=['PATANJALI 28 OCT 600 PUT']) - Queue size after add: 1, Max allowed: 1
2025-10-08 10:53:54,531 - INFO - CALL_ALLOWED - LTP_API - tsl.get_ltp_data(names=20 symbols) - Queue size after add: 1, Max allowed: 1
2025-10-08 10:54:00,433 - INFO - CALL_ALLOWED - NTRADING_API - tsl.get_order_status(orderid='PAPER_1004') - Queue size after add: 1, Max allowed: 18
2025-10-08 10:54:03,043 - INFO - CALL_ALLOWED - LTP_API - tsl.get_ltp_data(names=['PATANJALI 28 OCT 600 PUT']) - Queue size after add: 1, Max allowed: 1
2025-10-08 10:54:10,116 - INFO - CALL_ALLOWED - LTP_API - tsl.get_ltp_data(names=20 symbols) - Queue size after add: 1, Max allowed: 1
2025-10-08 10:54:15,638 - INFO - CALL_ALLOWED - NTRADING_API - tsl.get_order_status(orderid='PAPER_1004') - Queue size after add: 1, Max allowed: 18
2025-10-08 10:54:18,477 - INFO - CALL_ALLOWED - LTP_API - tsl.get_ltp_data(names=['PATANJALI 28 OCT 600 PUT']) - Queue size after add: 1, Max allowed: 1
